<?xml version="1.0" encoding="UTF-8"?>
<testsuites>
  <testsuite name="" tests="4" assertions="56020" failures="0" errors="0" time="1135.947476">
    <testsuite name="operation" tests="4" assertions="56020" failures="0" errors="0" time="1135.947476">
      <testsuite name="TDGTest" file="C:\Users\USER\TestDataGenerator\tests\operation\TDGTest.php" tests="4" assertions="56020" failures="0" errors="0" time="1135.947476">
        <testcase name="test_実際の利用を想定したユーザーテーブルデータの生成_json" class="TDGTest" file="C:\Users\USER\TestDataGenerator\tests\operation\TDGTest.php" line="31" assertions="26007" time="533.532185"/>
        <testcase name="test_実際の利用を想定したユーザーテーブルデータの生成_yml" class="TDGTest" file="C:\Users\USER\TestDataGenerator\tests\operation\TDGTest.php" line="116" assertions="26007" time="528.294421"/>
        <testcase name="test_出力ファイルをsqlに指定して実際の利用を想定したユーザーテーブルデータの生成_json" class="TDGTest" file="C:\Users\USER\TestDataGenerator\tests\operation\TDGTest.php" line="204" assertions="2003" time="37.924615"/>
        <testcase name="test_出力ファイルをsqlに指定して実際の利用を想定したユーザーテーブルデータの生成_yml" class="TDGTest" file="C:\Users\USER\TestDataGenerator\tests\operation\TDGTest.php" line="255" assertions="2003" time="36.196255"/>
      </testsuite>
    </testsuite>
  </testsuite>
</testsuites>
