<?xml version="1.0" encoding="UTF-8"?>
<testsuites>
  <testsuite name="" tests="68" assertions="196" failures="0" errors="0" time="7.876430">
    <testsuite name="unit" tests="68" assertions="196" failures="0" errors="0" time="7.876430">
      <testsuite name="UtilTest" file="/home/nicorec/TestDataGenerator/tests/unit/UtilTest.php" tests="66" assertions="181" failures="0" errors="0" time="7.706053">
        <testcase name="test_is_numeric_uint_intの正の整数" class="UtilTest" file="/home/nicorec/TestDataGenerator/tests/unit/UtilTest.php" line="6" assertions="1" time="0.032695"/>
        <testcase name="test_is_numeric_uint_intのゼロ" class="UtilTest" file="/home/nicorec/TestDataGenerator/tests/unit/UtilTest.php" line="11" assertions="1" time="0.029397"/>
        <testcase name="test_is_numeric_uint_stringの正の整数" class="UtilTest" file="/home/nicorec/TestDataGenerator/tests/unit/UtilTest.php" line="16" assertions="1" time="0.032825"/>
        <testcase name="test_is_numeric_uint_stringのゼロ" class="UtilTest" file="/home/nicorec/TestDataGenerator/tests/unit/UtilTest.php" line="21" assertions="1" time="0.028976"/>
        <testcase name="test_is_numeric_uint_intの負の整数" class="UtilTest" file="/home/nicorec/TestDataGenerator/tests/unit/UtilTest.php" line="26" assertions="1" time="0.027706"/>
        <testcase name="test_is_numeric_uint_stringの負の整数" class="UtilTest" file="/home/nicorec/TestDataGenerator/tests/unit/UtilTest.php" line="31" assertions="1" time="0.026998"/>
        <testcase name="test_is_numeric_uint_floatの正の浮動小数点数" class="UtilTest" file="/home/nicorec/TestDataGenerator/tests/unit/UtilTest.php" line="36" assertions="1" time="0.027730"/>
        <testcase name="test_is_numeric_uint_NAN" class="UtilTest" file="/home/nicorec/TestDataGenerator/tests/unit/UtilTest.php" line="41" assertions="1" time="0.028731"/>
        <testcase name="test_is_numeric_uint_NULL" class="UtilTest" file="/home/nicorec/TestDataGenerator/tests/unit/UtilTest.php" line="46" assertions="1" time="0.027388"/>
        <testcase name="test_is_numeric_uint_配列" class="UtilTest" file="/home/nicorec/TestDataGenerator/tests/unit/UtilTest.php" line="51" assertions="1" time="0.029365"/>
        <testcase name="test_array_depth_空の配列" class="UtilTest" file="/home/nicorec/TestDataGenerator/tests/unit/UtilTest.php" line="56" assertions="1" time="0.031036"/>
        <testcase name="test_array_depth_１次元の配列" class="UtilTest" file="/home/nicorec/TestDataGenerator/tests/unit/UtilTest.php" line="61" assertions="1" time="0.030506"/>
        <testcase name="test_array_depth_２次元の配列" class="UtilTest" file="/home/nicorec/TestDataGenerator/tests/unit/UtilTest.php" line="68" assertions="1" time="0.031913"/>
        <testcase name="test_array_depth_オブジェクト" class="UtilTest" file="/home/nicorec/TestDataGenerator/tests/unit/UtilTest.php" line="77" assertions="1" time="0.035948"/>
        <testcase name="test_json_last_error_msg_正常なJSONをデコード" class="UtilTest" file="/home/nicorec/TestDataGenerator/tests/unit/UtilTest.php" line="82" assertions="1" time="0.030626"/>
        <testcase name="test_json_last_error_msg_構文エラーなJSONをデコード" class="UtilTest" file="/home/nicorec/TestDataGenerator/tests/unit/UtilTest.php" line="88" assertions="1" time="0.030966"/>
        <testcase name="test_json_last_error_msg_NANを含む配列をJSONにエンコード" class="UtilTest" file="/home/nicorec/TestDataGenerator/tests/unit/UtilTest.php" line="94" assertions="1" time="0.033382"/>
        <testcase name="test_json_encode_JSONにエンコード可能な連想配列" class="UtilTest" file="/home/nicorec/TestDataGenerator/tests/unit/UtilTest.php" line="107" assertions="1" time="0.030578"/>
        <testcase name="test_json_encode_スカラ値の一種である文字列" class="UtilTest" file="/home/nicorec/TestDataGenerator/tests/unit/UtilTest.php" line="112" assertions="1" time="0.031384"/>
        <testcase name="test_json_encode_NANとINFを含む配列" class="UtilTest" file="/home/nicorec/TestDataGenerator/tests/unit/UtilTest.php" line="117" assertions="1" time="0.031095"/>
        <testcase name="test_json_decode_正常なJSON" class="UtilTest" file="/home/nicorec/TestDataGenerator/tests/unit/UtilTest.php" line="122" assertions="1" time="0.031397"/>
        <testcase name="test_json_decode_構文エラーなJSON" class="UtilTest" file="/home/nicorec/TestDataGenerator/tests/unit/UtilTest.php" line="127" assertions="1" time="0.030655"/>
        <testcase name="test_normalize_charset_Shift_JISをSJISに変換" class="UtilTest" file="/home/nicorec/TestDataGenerator/tests/unit/UtilTest.php" line="132" assertions="1" time="0.030925"/>
        <testcase name="test_normalize_charset_MySQL用にをUTF8に変換" class="UtilTest" file="/home/nicorec/TestDataGenerator/tests/unit/UtilTest.php" line="137" assertions="1" time="0.031090"/>
        <testcase name="test_check_ext_拡張子csv" class="UtilTest" file="/home/nicorec/TestDataGenerator/tests/unit/UtilTest.php" line="142" assertions="1" time="0.032780"/>
        <testcase name="test_check_ext_拡張子はないがファイル名末尾が拡張子と同じ" class="UtilTest" file="/home/nicorec/TestDataGenerator/tests/unit/UtilTest.php" line="148" assertions="1" time="0.030366"/>
        <testcase name="test_get_data_by_json_file_存在するJSONファイルパス" class="UtilTest" file="/home/nicorec/TestDataGenerator/tests/unit/UtilTest.php" line="154" assertions="2" time="0.032703"/>
        <testcase name="test_get_data_by_json_file_存在しないJSONファイルパス" class="UtilTest" file="/home/nicorec/TestDataGenerator/tests/unit/UtilTest.php" line="164" assertions="2" time="0.038786"/>
        <testcase name="test_get_data_by_yml_file_存在するYMLファイルパス" class="UtilTest" file="/home/nicorec/TestDataGenerator/tests/unit/UtilTest.php" line="171" assertions="2" time="0.047734"/>
        <testcase name="test_get_data_by_yml_file_存在しないYMLファイルパス" class="UtilTest" file="/home/nicorec/TestDataGenerator/tests/unit/UtilTest.php" line="181" assertions="2" time="0.032132"/>
        <testcase name="test_create_weighted_csv_ヘッダありCSVの重み付け" class="UtilTest" file="/home/nicorec/TestDataGenerator/tests/unit/UtilTest.php" line="188" assertions="11" time="0.061017"/>
        <testcase name="test_create_weighted_csv_ヘッダ無しCSVの重み付け" class="UtilTest" file="/home/nicorec/TestDataGenerator/tests/unit/UtilTest.php" line="228" assertions="11" time="0.049609"/>
        <testcase name="test_create_weighted_csv_引数max_recordsの検証" class="UtilTest" file="/home/nicorec/TestDataGenerator/tests/unit/UtilTest.php" line="263" assertions="3" time="0.052403"/>
        <testcase name="test_create_weighted_csv_配列の重み付け" class="UtilTest" file="/home/nicorec/TestDataGenerator/tests/unit/UtilTest.php" line="272" assertions="9" time="0.048174"/>
        <testcase name="test_csv_to_bulk_insert_データ数１０" class="UtilTest" file="/home/nicorec/TestDataGenerator/tests/unit/UtilTest.php" line="306" assertions="5" time="0.051569"/>
        <testcase name="test_csv_to_bulk_insert_データ数１０１０" class="UtilTest" file="/home/nicorec/TestDataGenerator/tests/unit/UtilTest.php" line="321" assertions="6" time="0.425422"/>
        <testcase name="test_csv_to_bulk_insert_テーブル名変更データ数１０１０" class="UtilTest" file="/home/nicorec/TestDataGenerator/tests/unit/UtilTest.php" line="339" assertions="6" time="0.415464"/>
        <testcase name="test_csv_to_bulk_insert_カラム変更データ数１０１０" class="UtilTest" file="/home/nicorec/TestDataGenerator/tests/unit/UtilTest.php" line="357" assertions="6" time="0.369607"/>
        <testcase name="test_csv_to_bulk_insert_ヘッダ無しデータ数１０１０" class="UtilTest" file="/home/nicorec/TestDataGenerator/tests/unit/UtilTest.php" line="376" assertions="6" time="0.405925"/>
        <testcase name="test_csv_to_bulk_insert_NOT_NULLデータ数１０１０" class="UtilTest" file="/home/nicorec/TestDataGenerator/tests/unit/UtilTest.php" line="395" assertions="6" time="0.413974"/>
        <testcase name="test_csv_to_bulk_insert_NULL文字列変更データ数１０１０" class="UtilTest" file="/home/nicorec/TestDataGenerator/tests/unit/UtilTest.php" line="414" assertions="6" time="0.410841"/>
        <testcase name="test_csv_to_bulk_insert_改行文字変更データ数１０１０" class="UtilTest" file="/home/nicorec/TestDataGenerator/tests/unit/UtilTest.php" line="433" assertions="7" time="0.402587"/>
        <testcase name="test_csv_to_bulk_insert_引数divisor１００データ数１０１０" class="UtilTest" file="/home/nicorec/TestDataGenerator/tests/unit/UtilTest.php" line="454" assertions="6" time="0.400861"/>
        <testcase name="test_csv_to_bulk_insert_ユニークカラムありデータ数１０１０" class="UtilTest" file="/home/nicorec/TestDataGenerator/tests/unit/UtilTest.php" line="473" assertions="5" time="0.173008"/>
        <testcase name="test_csv_to_bulk_insert_集計カラムありデータ数１０１０" class="UtilTest" file="/home/nicorec/TestDataGenerator/tests/unit/UtilTest.php" line="489" assertions="6" time="0.497032"/>
        <testcase name="test_csv_to_bulk_insert_前後SQLありデータ数１０１０" class="UtilTest" file="/home/nicorec/TestDataGenerator/tests/unit/UtilTest.php" line="509" assertions="8" time="0.397001"/>
        <testcase name="test_csv_to_bulk_insert_SJISからUTF8に変換データ数１０１０" class="UtilTest" file="/home/nicorec/TestDataGenerator/tests/unit/UtilTest.php" line="532" assertions="6" time="0.447443"/>
        <testcase name="test_csv_to_bulk_insert_引数max_recordsの検証データ数１０１０" class="UtilTest" file="/home/nicorec/TestDataGenerator/tests/unit/UtilTest.php" line="551" assertions="2" time="0.050996"/>
        <testcase name="test_csv_to_bulk_insert_配列でデータ数１０１０" class="UtilTest" file="/home/nicorec/TestDataGenerator/tests/unit/UtilTest.php" line="561" assertions="3" time="0.386963"/>
        <testcase name="test_csv_to_bulk_insert_ヘッダ無し配列でデータ数１０１０" class="UtilTest" file="/home/nicorec/TestDataGenerator/tests/unit/UtilTest.php" line="573" assertions="3" time="0.376613"/>
        <testcase name="test_csv_to_bulk_insert_連想配列でデータ数１０１０" class="UtilTest" file="/home/nicorec/TestDataGenerator/tests/unit/UtilTest.php" line="585" assertions="3" time="0.375855"/>
        <testcase name="test_fputcsv_１レコード書き込み" class="UtilTest" file="/home/nicorec/TestDataGenerator/tests/unit/UtilTest.php" line="597" assertions="3" time="0.034935"/>
        <testcase name="test_fputcsv_非NULL１レコード書き込み" class="UtilTest" file="/home/nicorec/TestDataGenerator/tests/unit/UtilTest.php" line="610" assertions="3" time="0.043868"/>
        <testcase name="test_fputcsv_NULL１レコード書き込み" class="UtilTest" file="/home/nicorec/TestDataGenerator/tests/unit/UtilTest.php" line="623" assertions="3" time="0.038956"/>
        <testcase name="test_fputcsv_UTF8からSJISに変換１レコード書き込み" class="UtilTest" file="/home/nicorec/TestDataGenerator/tests/unit/UtilTest.php" line="636" assertions="3" time="0.034382"/>
        <testcase name="test_println_ASCII文字列" class="UtilTest" file="/home/nicorec/TestDataGenerator/tests/unit/UtilTest.php" line="651" assertions="1" time="0.033660"/>
        <testcase name="test_println_改行コード付きASCII文字列" class="UtilTest" file="/home/nicorec/TestDataGenerator/tests/unit/UtilTest.php" line="657" assertions="1" time="0.031719"/>
        <testcase name="test_println_日本語文字列" class="UtilTest" file="/home/nicorec/TestDataGenerator/tests/unit/UtilTest.php" line="663" assertions="1" time="0.034397"/>
        <testcase name="test_println_改行コード付き日本語文字列" class="UtilTest" file="/home/nicorec/TestDataGenerator/tests/unit/UtilTest.php" line="676" assertions="1" time="0.034502"/>
        <testcase name="test_safely_eval_問題無いコード" class="UtilTest" file="/home/nicorec/TestDataGenerator/tests/unit/UtilTest.php" line="689" assertions="1" time="0.036901"/>
        <testcase name="test_safely_eval_構文エラーなコード" class="UtilTest" file="/home/nicorec/TestDataGenerator/tests/unit/UtilTest.php" line="694" assertions="1" time="0.036789"/>
        <testcase name="test_safely_eval_ホワイトリストに無いトークンを使用したコード" class="UtilTest" file="/home/nicorec/TestDataGenerator/tests/unit/UtilTest.php" line="699" assertions="1" time="0.037325"/>
        <testcase name="test_safely_eval_ホワイトリストに追加したトークンを使用したコード" class="UtilTest" file="/home/nicorec/TestDataGenerator/tests/unit/UtilTest.php" line="704" assertions="1" time="0.038998"/>
        <testcase name="test_safely_eval_ブラックリストに追加したトークンを使用したコード" class="UtilTest" file="/home/nicorec/TestDataGenerator/tests/unit/UtilTest.php" line="709" assertions="1" time="0.037751"/>
        <testcase name="test_safely_eval_必須リストに追加したトークンを使用していないコード" class="UtilTest" file="/home/nicorec/TestDataGenerator/tests/unit/UtilTest.php" line="714" assertions="1" time="0.037054"/>
        <testcase name="test_safely_eval_必須リストに追加したトークンを使用したコード" class="UtilTest" file="/home/nicorec/TestDataGenerator/tests/unit/UtilTest.php" line="718" assertions="1" time="0.034638"/>
      </testsuite>
      <testsuite name="WeightedArrayTest" file="/home/nicorec/TestDataGenerator/tests/unit/WeightedArrayTest.php" tests="2" assertions="15" failures="0" errors="0" time="0.170377">
        <testcase name="test_WeightedArrayの生成とランダム抽出" class="WeightedArrayTest" file="/home/nicorec/TestDataGenerator/tests/unit/WeightedArrayTest.php" line="6" assertions="6" time="0.126466"/>
        <testcase name="test_WeightedArrayの生成とget_array_from_keys" class="WeightedArrayTest" file="/home/nicorec/TestDataGenerator/tests/unit/WeightedArrayTest.php" line="32" assertions="9" time="0.043911"/>
      </testsuite>
    </testsuite>
  </testsuite>
</testsuites>
