<?xml version="1.0" encoding="UTF-8"?>
<testsuites>
  <testsuite name="" tests="146" assertions="96732" failures="0" errors="0" time="1226.084155">
    <testsuite name="all" tests="146" assertions="96732" failures="0" errors="0" time="1226.084155">
      <testsuite name="UtilTest" file="C:\Users\owner\TestDataGenerator\tests\unit\UtilTest.php" tests="75" assertions="190" failures="0" errors="0" time="4.336809">
        <testcase name="test_is_numeric_uint_intの正の整数" class="UtilTest" file="C:\Users\owner\TestDataGenerator\tests\unit\UtilTest.php" line="6" assertions="1" time="0.031200"/>
        <testcase name="test_is_numeric_uint_intのゼロ" class="UtilTest" file="C:\Users\owner\TestDataGenerator\tests\unit\UtilTest.php" line="11" assertions="1" time="0.031200"/>
        <testcase name="test_is_numeric_uint_stringの正の整数" class="UtilTest" file="C:\Users\owner\TestDataGenerator\tests\unit\UtilTest.php" line="16" assertions="1" time="0.015600"/>
        <testcase name="test_is_numeric_uint_stringのゼロ" class="UtilTest" file="C:\Users\owner\TestDataGenerator\tests\unit\UtilTest.php" line="21" assertions="1" time="0.015600"/>
        <testcase name="test_is_numeric_uint_intの負の整数" class="UtilTest" file="C:\Users\owner\TestDataGenerator\tests\unit\UtilTest.php" line="26" assertions="1" time="0.015600"/>
        <testcase name="test_is_numeric_uint_stringの負の整数" class="UtilTest" file="C:\Users\owner\TestDataGenerator\tests\unit\UtilTest.php" line="31" assertions="1" time="0.015600"/>
        <testcase name="test_is_numeric_uint_floatの正の浮動小数点数" class="UtilTest" file="C:\Users\owner\TestDataGenerator\tests\unit\UtilTest.php" line="36" assertions="1" time="0.015600"/>
        <testcase name="test_is_numeric_uint_NAN" class="UtilTest" file="C:\Users\owner\TestDataGenerator\tests\unit\UtilTest.php" line="41" assertions="1" time="0.015600"/>
        <testcase name="test_is_numeric_uint_NULL" class="UtilTest" file="C:\Users\owner\TestDataGenerator\tests\unit\UtilTest.php" line="46" assertions="1" time="0.015600"/>
        <testcase name="test_is_numeric_uint_配列" class="UtilTest" file="C:\Users\owner\TestDataGenerator\tests\unit\UtilTest.php" line="51" assertions="1" time="0.015600"/>
        <testcase name="test_array_depth_空の配列" class="UtilTest" file="C:\Users\owner\TestDataGenerator\tests\unit\UtilTest.php" line="56" assertions="1" time="0.031200"/>
        <testcase name="test_array_depth_１次元の配列" class="UtilTest" file="C:\Users\owner\TestDataGenerator\tests\unit\UtilTest.php" line="61" assertions="1" time="0.031200"/>
        <testcase name="test_array_depth_２次元の配列" class="UtilTest" file="C:\Users\owner\TestDataGenerator\tests\unit\UtilTest.php" line="68" assertions="1" time="0.015600"/>
        <testcase name="test_array_depth_オブジェクト" class="UtilTest" file="C:\Users\owner\TestDataGenerator\tests\unit\UtilTest.php" line="77" assertions="1" time="0.015600"/>
        <testcase name="test_s_to_hms_小数で1時間以上" class="UtilTest" file="C:\Users\owner\TestDataGenerator\tests\unit\UtilTest.php" line="82" assertions="1" time="0.031201"/>
        <testcase name="test_s_to_hms_1時間以上" class="UtilTest" file="C:\Users\owner\TestDataGenerator\tests\unit\UtilTest.php" line="87" assertions="1" time="0.031200"/>
        <testcase name="test_s_to_hms_1時間" class="UtilTest" file="C:\Users\owner\TestDataGenerator\tests\unit\UtilTest.php" line="92" assertions="1" time="0.015600"/>
        <testcase name="test_s_to_hms_1分以上" class="UtilTest" file="C:\Users\owner\TestDataGenerator\tests\unit\UtilTest.php" line="97" assertions="1" time="0.015600"/>
        <testcase name="test_s_to_hms_1分" class="UtilTest" file="C:\Users\owner\TestDataGenerator\tests\unit\UtilTest.php" line="102" assertions="1" time="0.031200"/>
        <testcase name="test_s_to_hms_1分未満" class="UtilTest" file="C:\Users\owner\TestDataGenerator\tests\unit\UtilTest.php" line="107" assertions="1" time="0.031200"/>
        <testcase name="test_s_to_hms_1秒未満" class="UtilTest" file="C:\Users\owner\TestDataGenerator\tests\unit\UtilTest.php" line="112" assertions="1" time="0.031200"/>
        <testcase name="test_s_to_hms_数値以外" class="UtilTest" file="C:\Users\owner\TestDataGenerator\tests\unit\UtilTest.php" line="117" assertions="1" time="0.031200"/>
        <testcase name="test_s_to_hms_負数" class="UtilTest" file="C:\Users\owner\TestDataGenerator\tests\unit\UtilTest.php" line="122" assertions="1" time="0.015600"/>
        <testcase name="test_json_last_error_msg_正常なJSONをデコード" class="UtilTest" file="C:\Users\owner\TestDataGenerator\tests\unit\UtilTest.php" line="127" assertions="1" time="0.015600"/>
        <testcase name="test_json_last_error_msg_構文エラーなJSONをデコード" class="UtilTest" file="C:\Users\owner\TestDataGenerator\tests\unit\UtilTest.php" line="133" assertions="1" time="0.015600"/>
        <testcase name="test_json_last_error_msg_NANを含む配列をJSONにエンコード" class="UtilTest" file="C:\Users\owner\TestDataGenerator\tests\unit\UtilTest.php" line="139" assertions="1" time="0.015600"/>
        <testcase name="test_json_encode_JSONにエンコード可能な連想配列" class="UtilTest" file="C:\Users\owner\TestDataGenerator\tests\unit\UtilTest.php" line="152" assertions="1" time="0.015600"/>
        <testcase name="test_json_encode_スカラ値の一種である文字列" class="UtilTest" file="C:\Users\owner\TestDataGenerator\tests\unit\UtilTest.php" line="157" assertions="1" time="0.015600"/>
        <testcase name="test_json_encode_NANとINFを含む配列" class="UtilTest" file="C:\Users\owner\TestDataGenerator\tests\unit\UtilTest.php" line="162" assertions="1" time="0.031200"/>
        <testcase name="test_json_decode_正常なJSON" class="UtilTest" file="C:\Users\owner\TestDataGenerator\tests\unit\UtilTest.php" line="167" assertions="1" time="0.031200"/>
        <testcase name="test_json_decode_構文エラーなJSON" class="UtilTest" file="C:\Users\owner\TestDataGenerator\tests\unit\UtilTest.php" line="172" assertions="1" time="0.031200"/>
        <testcase name="test_normalize_charset_Shift_JISをSJISに変換" class="UtilTest" file="C:\Users\owner\TestDataGenerator\tests\unit\UtilTest.php" line="177" assertions="1" time="0.015601"/>
        <testcase name="test_normalize_charset_MySQL用にをUTF8に変換" class="UtilTest" file="C:\Users\owner\TestDataGenerator\tests\unit\UtilTest.php" line="182" assertions="1" time="0.015600"/>
        <testcase name="test_check_ext_拡張子csv" class="UtilTest" file="C:\Users\owner\TestDataGenerator\tests\unit\UtilTest.php" line="187" assertions="1" time="0.015600"/>
        <testcase name="test_check_ext_拡張子はないがファイル名末尾が拡張子と同じ" class="UtilTest" file="C:\Users\owner\TestDataGenerator\tests\unit\UtilTest.php" line="193" assertions="1" time="0.015600"/>
        <testcase name="test_get_data_by_json_file_存在するJSONファイルパス" class="UtilTest" file="C:\Users\owner\TestDataGenerator\tests\unit\UtilTest.php" line="199" assertions="2" time="0.015600"/>
        <testcase name="test_get_data_by_json_file_存在しないJSONファイルパス" class="UtilTest" file="C:\Users\owner\TestDataGenerator\tests\unit\UtilTest.php" line="209" assertions="2" time="0.031200"/>
        <testcase name="test_get_data_by_yml_file_存在するYMLファイルパス" class="UtilTest" file="C:\Users\owner\TestDataGenerator\tests\unit\UtilTest.php" line="216" assertions="2" time="0.031200"/>
        <testcase name="test_get_data_by_yml_file_存在しないYMLファイルパス" class="UtilTest" file="C:\Users\owner\TestDataGenerator\tests\unit\UtilTest.php" line="226" assertions="2" time="0.015600"/>
        <testcase name="test_create_weighted_csv_ヘッダありCSVの重み付け" class="UtilTest" file="C:\Users\owner\TestDataGenerator\tests\unit\UtilTest.php" line="233" assertions="11" time="0.046800"/>
        <testcase name="test_create_weighted_csv_ヘッダ無しCSVの重み付け" class="UtilTest" file="C:\Users\owner\TestDataGenerator\tests\unit\UtilTest.php" line="273" assertions="11" time="0.031200"/>
        <testcase name="test_create_weighted_csv_引数max_recordsの検証" class="UtilTest" file="C:\Users\owner\TestDataGenerator\tests\unit\UtilTest.php" line="308" assertions="3" time="0.046800"/>
        <testcase name="test_create_weighted_csv_配列の重み付け" class="UtilTest" file="C:\Users\owner\TestDataGenerator\tests\unit\UtilTest.php" line="317" assertions="9" time="0.031200"/>
        <testcase name="test_csv_to_bulk_insert_データ数１０" class="UtilTest" file="C:\Users\owner\TestDataGenerator\tests\unit\UtilTest.php" line="351" assertions="5" time="0.015600"/>
        <testcase name="test_csv_to_bulk_insert_データ数１０１０" class="UtilTest" file="C:\Users\owner\TestDataGenerator\tests\unit\UtilTest.php" line="366" assertions="6" time="0.187201"/>
        <testcase name="test_csv_to_bulk_insert_テーブル名変更データ数１０１０" class="UtilTest" file="C:\Users\owner\TestDataGenerator\tests\unit\UtilTest.php" line="384" assertions="6" time="0.202800"/>
        <testcase name="test_csv_to_bulk_insert_カラム変更データ数１０１０" class="UtilTest" file="C:\Users\owner\TestDataGenerator\tests\unit\UtilTest.php" line="402" assertions="6" time="0.171600"/>
        <testcase name="test_csv_to_bulk_insert_ヘッダ無しデータ数１０１０" class="UtilTest" file="C:\Users\owner\TestDataGenerator\tests\unit\UtilTest.php" line="421" assertions="6" time="0.202801"/>
        <testcase name="test_csv_to_bulk_insert_NOT_NULLデータ数１０１０" class="UtilTest" file="C:\Users\owner\TestDataGenerator\tests\unit\UtilTest.php" line="440" assertions="6" time="0.234000"/>
        <testcase name="test_csv_to_bulk_insert_NULL文字列変更データ数１０１０" class="UtilTest" file="C:\Users\owner\TestDataGenerator\tests\unit\UtilTest.php" line="459" assertions="6" time="0.202801"/>
        <testcase name="test_csv_to_bulk_insert_改行文字変更データ数１０１０" class="UtilTest" file="C:\Users\owner\TestDataGenerator\tests\unit\UtilTest.php" line="478" assertions="7" time="0.187200"/>
        <testcase name="test_csv_to_bulk_insert_引数divisor１００データ数１０１０" class="UtilTest" file="C:\Users\owner\TestDataGenerator\tests\unit\UtilTest.php" line="499" assertions="6" time="0.187200"/>
        <testcase name="test_csv_to_bulk_insert_ユニークカラムありデータ数１０１０" class="UtilTest" file="C:\Users\owner\TestDataGenerator\tests\unit\UtilTest.php" line="518" assertions="5" time="0.093601"/>
        <testcase name="test_csv_to_bulk_insert_集計カラムありデータ数１０１０" class="UtilTest" file="C:\Users\owner\TestDataGenerator\tests\unit\UtilTest.php" line="534" assertions="6" time="0.218400"/>
        <testcase name="test_csv_to_bulk_insert_前後SQLありデータ数１０１０" class="UtilTest" file="C:\Users\owner\TestDataGenerator\tests\unit\UtilTest.php" line="554" assertions="8" time="0.187200"/>
        <testcase name="test_csv_to_bulk_insert_SJISからUTF8に変換データ数１０１０" class="UtilTest" file="C:\Users\owner\TestDataGenerator\tests\unit\UtilTest.php" line="577" assertions="6" time="0.234001"/>
        <testcase name="test_csv_to_bulk_insert_引数max_recordsの検証データ数１０１０" class="UtilTest" file="C:\Users\owner\TestDataGenerator\tests\unit\UtilTest.php" line="596" assertions="2" time="0.031200"/>
        <testcase name="test_csv_to_bulk_insert_配列でデータ数１０１０" class="UtilTest" file="C:\Users\owner\TestDataGenerator\tests\unit\UtilTest.php" line="606" assertions="3" time="0.171600"/>
        <testcase name="test_csv_to_bulk_insert_ヘッダ無し配列でデータ数１０１０" class="UtilTest" file="C:\Users\owner\TestDataGenerator\tests\unit\UtilTest.php" line="618" assertions="3" time="0.171600"/>
        <testcase name="test_csv_to_bulk_insert_連想配列でデータ数１０１０" class="UtilTest" file="C:\Users\owner\TestDataGenerator\tests\unit\UtilTest.php" line="630" assertions="3" time="0.171601"/>
        <testcase name="test_fputcsv_１レコード書き込み" class="UtilTest" file="C:\Users\owner\TestDataGenerator\tests\unit\UtilTest.php" line="642" assertions="3" time="0.015600"/>
        <testcase name="test_fputcsv_非NULL１レコード書き込み" class="UtilTest" file="C:\Users\owner\TestDataGenerator\tests\unit\UtilTest.php" line="655" assertions="3" time="0.015600"/>
        <testcase name="test_fputcsv_NULL１レコード書き込み" class="UtilTest" file="C:\Users\owner\TestDataGenerator\tests\unit\UtilTest.php" line="668" assertions="3" time="0.031200"/>
        <testcase name="test_fputcsv_UTF8からSJISに変換１レコード書き込み" class="UtilTest" file="C:\Users\owner\TestDataGenerator\tests\unit\UtilTest.php" line="681" assertions="3" time="0.031200"/>
        <testcase name="test_println_ASCII文字列" class="UtilTest" file="C:\Users\owner\TestDataGenerator\tests\unit\UtilTest.php" line="696" assertions="1" time="0.046800"/>
        <testcase name="test_println_改行コード付きASCII文字列" class="UtilTest" file="C:\Users\owner\TestDataGenerator\tests\unit\UtilTest.php" line="702" assertions="1" time="0.046800"/>
        <testcase name="test_println_日本語文字列" class="UtilTest" file="C:\Users\owner\TestDataGenerator\tests\unit\UtilTest.php" line="708" assertions="1" time="0.062400"/>
        <testcase name="test_println_改行コード付き日本語文字列" class="UtilTest" file="C:\Users\owner\TestDataGenerator\tests\unit\UtilTest.php" line="721" assertions="1" time="0.062400"/>
        <testcase name="test_safely_eval_問題無いコード" class="UtilTest" file="C:\Users\owner\TestDataGenerator\tests\unit\UtilTest.php" line="734" assertions="1" time="0.031201"/>
        <testcase name="test_safely_eval_構文エラーなコード" class="UtilTest" file="C:\Users\owner\TestDataGenerator\tests\unit\UtilTest.php" line="739" assertions="1" time="0.031200"/>
        <testcase name="test_safely_eval_ホワイトリストに無いトークンを使用したコード" class="UtilTest" file="C:\Users\owner\TestDataGenerator\tests\unit\UtilTest.php" line="744" assertions="1" time="0.031200"/>
        <testcase name="test_safely_eval_ホワイトリストに追加したトークンを使用したコード" class="UtilTest" file="C:\Users\owner\TestDataGenerator\tests\unit\UtilTest.php" line="749" assertions="1" time="0.015600"/>
        <testcase name="test_safely_eval_ブラックリストに追加したトークンを使用したコード" class="UtilTest" file="C:\Users\owner\TestDataGenerator\tests\unit\UtilTest.php" line="754" assertions="1" time="0.015600"/>
        <testcase name="test_safely_eval_必須リストに追加したトークンを使用していないコード" class="UtilTest" file="C:\Users\owner\TestDataGenerator\tests\unit\UtilTest.php" line="759" assertions="1" time="0.015600"/>
        <testcase name="test_safely_eval_必須リストに追加したトークンを使用したコード" class="UtilTest" file="C:\Users\owner\TestDataGenerator\tests\unit\UtilTest.php" line="763" assertions="1" time="0.015600"/>
      </testsuite>
      <testsuite name="WeightedArrayTest" file="C:\Users\owner\TestDataGenerator\tests\unit\WeightedArrayTest.php" tests="2" assertions="15" failures="0" errors="0" time="0.093600">
        <testcase name="test_WeightedArrayの生成とランダム抽出" class="WeightedArrayTest" file="C:\Users\owner\TestDataGenerator\tests\unit\WeightedArrayTest.php" line="6" assertions="6" time="0.062400"/>
        <testcase name="test_WeightedArrayの生成とget_array_from_keys" class="WeightedArrayTest" file="C:\Users\owner\TestDataGenerator\tests\unit\WeightedArrayTest.php" line="32" assertions="9" time="0.031200"/>
      </testsuite>
      <testsuite name="TDGTest" file="C:\Users\owner\TestDataGenerator\tests\functional\TDGTest.php" tests="69" assertions="96527" failures="0" errors="0" time="1221.653746">
        <testcase name="test_default_config" class="TDGTest" file="C:\Users\owner\TestDataGenerator\tests\functional\TDGTest.php" line="31" assertions="203" time="20.872837"/>
        <testcase name="test_１からシーケンス番号を生成_json" class="TDGTest" file="C:\Users\owner\TestDataGenerator\tests\functional\TDGTest.php" line="51" assertions="204" time="0.171600"/>
        <testcase name="test_１からシーケンス番号を生成_yml" class="TDGTest" file="C:\Users\owner\TestDataGenerator\tests\functional\TDGTest.php" line="79" assertions="204" time="0.171601"/>
        <testcase name="test_出力ファイルパスを指定して１からシーケンス番号を生成_json" class="TDGTest" file="C:\Users\owner\TestDataGenerator\tests\functional\TDGTest.php" line="107" assertions="204" time="0.156000"/>
        <testcase name="test_出力ファイルパスを指定して１からシーケンス番号を生成_yml" class="TDGTest" file="C:\Users\owner\TestDataGenerator\tests\functional\TDGTest.php" line="135" assertions="204" time="0.171600"/>
        <testcase name="test_ヘッダ無しで１からシーケンス番号を生成_json" class="TDGTest" file="C:\Users\owner\TestDataGenerator\tests\functional\TDGTest.php" line="163" assertions="203" time="0.156000"/>
        <testcase name="test_ヘッダ無しで１からシーケンス番号を生成_yml" class="TDGTest" file="C:\Users\owner\TestDataGenerator\tests\functional\TDGTest.php" line="186" assertions="203" time="0.187200"/>
        <testcase name="test_データの標準出力ありで１からシーケンス番号を生成_json" class="TDGTest" file="C:\Users\owner\TestDataGenerator\tests\functional\TDGTest.php" line="209" assertions="205" time="2.636404"/>
        <testcase name="test_データの標準出力ありで１からシーケンス番号を生成_yml" class="TDGTest" file="C:\Users\owner\TestDataGenerator\tests\functional\TDGTest.php" line="238" assertions="206" time="5.226009"/>
        <testcase name="test_改行コードCRLFで１からシーケンス番号を生成_json" class="TDGTest" file="C:\Users\owner\TestDataGenerator\tests\functional\TDGTest.php" line="270" assertions="204" time="0.171600"/>
        <testcase name="test_改行コードCRLFで１からシーケンス番号を生成_yml" class="TDGTest" file="C:\Users\owner\TestDataGenerator\tests\functional\TDGTest.php" line="298" assertions="204" time="0.187200"/>
        <testcase name="test_１０００からシーケンス番号を生成_json" class="TDGTest" file="C:\Users\owner\TestDataGenerator\tests\functional\TDGTest.php" line="326" assertions="204" time="0.156001"/>
        <testcase name="test_１０００からシーケンス番号を生成_yml" class="TDGTest" file="C:\Users\owner\TestDataGenerator\tests\functional\TDGTest.php" line="354" assertions="204" time="0.171600"/>
        <testcase name="test_４桁数値を生成_json" class="TDGTest" file="C:\Users\owner\TestDataGenerator\tests\functional\TDGTest.php" line="382" assertions="604" time="0.530401"/>
        <testcase name="test_４桁数値を生成_yml" class="TDGTest" file="C:\Users\owner\TestDataGenerator\tests\functional\TDGTest.php" line="412" assertions="604" time="0.530401"/>
        <testcase name="test_間隔５の４桁数値を生成_json" class="TDGTest" file="C:\Users\owner\TestDataGenerator\tests\functional\TDGTest.php" line="442" assertions="704" time="0.530401"/>
        <testcase name="test_間隔５の４桁数値を生成_yml" class="TDGTest" file="C:\Users\owner\TestDataGenerator\tests\functional\TDGTest.php" line="473" assertions="704" time="0.530401"/>
        <testcase name="test_間隔０．５の４桁数値を生成_json" class="TDGTest" file="C:\Users\owner\TestDataGenerator\tests\functional\TDGTest.php" line="504" assertions="604" time="0.483601"/>
        <testcase name="test_間隔０．５の４桁数値を生成_yml" class="TDGTest" file="C:\Users\owner\TestDataGenerator\tests\functional\TDGTest.php" line="534" assertions="604" time="0.483601"/>
        <testcase name="test_１００漸増で９フィールドに３桁数値を生成_json" class="TDGTest" file="C:\Users\owner\TestDataGenerator\tests\functional\TDGTest.php" line="564" assertions="4604" time="3.915607"/>
        <testcase name="test_１００漸増で９フィールドに３桁数値を生成_yml" class="TDGTest" file="C:\Users\owner\TestDataGenerator\tests\functional\TDGTest.php" line="598" assertions="4604" time="3.978007"/>
        <testcase name="test_高頻度で３桁数値・低頻度で４桁数値を生成_json" class="TDGTest" file="C:\Users\owner\TestDataGenerator\tests\functional\TDGTest.php" line="632" assertions="106" time="0.124800"/>
        <testcase name="test_高頻度で３桁数値・低頻度で４桁数値を生成_yml" class="TDGTest" file="C:\Users\owner\TestDataGenerator\tests\functional\TDGTest.php" line="671" assertions="106" time="0.140400"/>
        <testcase name="test_現在の日時を生成_json" class="TDGTest" file="C:\Users\owner\TestDataGenerator\tests\functional\TDGTest.php" line="710" assertions="504" time="0.343201"/>
        <testcase name="test_現在の日時を生成_yml" class="TDGTest" file="C:\Users\owner\TestDataGenerator\tests\functional\TDGTest.php" line="744" assertions="504" time="0.218400"/>
        <testcase name="test_２０１０～２０１５年の日時を生成_json" class="TDGTest" file="C:\Users\owner\TestDataGenerator\tests\functional\TDGTest.php" line="775" assertions="604" time="0.530401"/>
        <testcase name="test_２０１０～２０１５年の日時を生成_yml" class="TDGTest" file="C:\Users\owner\TestDataGenerator\tests\functional\TDGTest.php" line="805" assertions="604" time="0.530401"/>
        <testcase name="test_マイクロ秒単位で２０１０～２０１５年の日時を生成_json" class="TDGTest" file="C:\Users\owner\TestDataGenerator\tests\functional\TDGTest.php" line="835" assertions="604" time="0.546001"/>
        <testcase name="test_マイクロ秒単位で２０１０～２０１５年の日時を生成_yml" class="TDGTest" file="C:\Users\owner\TestDataGenerator\tests\functional\TDGTest.php" line="865" assertions="604" time="0.530401"/>
        <testcase name="test_高頻度で２０１０～２０１２年・低頻度で２０１３～２０１５年の日時を生成_json" class="TDGTest" file="C:\Users\owner\TestDataGenerator\tests\functional\TDGTest.php" line="895" assertions="206" time="0.156000"/>
        <testcase name="test_高頻度で２０１０～２０１２年・低頻度で２０１３～２０１５年の日時を生成_yml" class="TDGTest" file="C:\Users\owner\TestDataGenerator\tests\functional\TDGTest.php" line="937" assertions="205" time="0.171601"/>
        <testcase name="test_マイクロ秒単位で高頻度で２０１０～２０１２年・低頻度で２０１３～２０１５年の日時を生成_json" class="TDGTest" file="C:\Users\owner\TestDataGenerator\tests\functional\TDGTest.php" line="978" assertions="206" time="0.171600"/>
        <testcase name="test_マイクロ秒単位で高頻度で２０１０～２０１２年・低頻度で２０１３～２０１５年の日時を生成_yml" class="TDGTest" file="C:\Users\owner\TestDataGenerator\tests\functional\TDGTest.php" line="1020" assertions="206" time="0.171600"/>
        <testcase name="test_現在のタイムスタンプを生成_json" class="TDGTest" file="C:\Users\owner\TestDataGenerator\tests\functional\TDGTest.php" line="1062" assertions="604" time="0.296401"/>
        <testcase name="test_現在のタイムスタンプを生成_yml" class="TDGTest" file="C:\Users\owner\TestDataGenerator\tests\functional\TDGTest.php" line="1094" assertions="604" time="0.296400"/>
        <testcase name="test_２０１０～２０１５年のタイムスタンプを生成_json" class="TDGTest" file="C:\Users\owner\TestDataGenerator\tests\functional\TDGTest.php" line="1126" assertions="604" time="0.514800"/>
        <testcase name="test_２０１０～２０１５年のタイムスタンプを生成_yml" class="TDGTest" file="C:\Users\owner\TestDataGenerator\tests\functional\TDGTest.php" line="1156" assertions="604" time="0.530401"/>
        <testcase name="test_マイクロ秒単位で２０１０～２０１５年のタイムスタンプを生成_json" class="TDGTest" file="C:\Users\owner\TestDataGenerator\tests\functional\TDGTest.php" line="1186" assertions="604" time="0.530401"/>
        <testcase name="test_マイクロ秒単位で２０１０～２０１５年のタイムスタンプを生成_yml" class="TDGTest" file="C:\Users\owner\TestDataGenerator\tests\functional\TDGTest.php" line="1216" assertions="604" time="0.530401"/>
        <testcase name="test_高頻度で２０１０～２０１２年・低頻度で２０１３～２０１５年のタイムスタンプを生成_json" class="TDGTest" file="C:\Users\owner\TestDataGenerator\tests\functional\TDGTest.php" line="1246" assertions="206" time="0.156001"/>
        <testcase name="test_高頻度で２０１０～２０１２年・低頻度で２０１３～２０１５年のタイムスタンプを生成_yml" class="TDGTest" file="C:\Users\owner\TestDataGenerator\tests\functional\TDGTest.php" line="1288" assertions="206" time="0.156000"/>
        <testcase name="test_マイクロ秒単位で高頻度で２０１０～２０１２年・低頻度で２０１３～２０１５年のタイムスタンプを生成_json" class="TDGTest" file="C:\Users\owner\TestDataGenerator\tests\functional\TDGTest.php" line="1330" assertions="206" time="0.156000"/>
        <testcase name="test_マイクロ秒単位で高頻度で２０１０～２０１２年・低頻度で２０１３～２０１５年のタイムスタンプを生成_yml" class="TDGTest" file="C:\Users\owner\TestDataGenerator\tests\functional\TDGTest.php" line="1372" assertions="206" time="0.171601"/>
        <testcase name="test_パターンクラスを使い携帯電話番号を生成_json" class="TDGTest" file="C:\Users\owner\TestDataGenerator\tests\functional\TDGTest.php" line="1414" assertions="204" time="0.187200"/>
        <testcase name="test_パターンクラスを使い携帯電話番号を生成_yml" class="TDGTest" file="C:\Users\owner\TestDataGenerator\tests\functional\TDGTest.php" line="1442" assertions="204" time="0.187200"/>
        <testcase name="test_ドル記号ありでパターンクラスを使い携帯電話番号を生成_json" class="TDGTest" file="C:\Users\owner\TestDataGenerator\tests\functional\TDGTest.php" line="1470" assertions="204" time="0.171601"/>
        <testcase name="test_ドル記号ありでパターンクラスを使い携帯電話番号を生成_yml" class="TDGTest" file="C:\Users\owner\TestDataGenerator\tests\functional\TDGTest.php" line="1498" assertions="204" time="0.187200"/>
        <testcase name="test_重み付けありパターンから生成_json" class="TDGTest" file="C:\Users\owner\TestDataGenerator\tests\functional\TDGTest.php" line="1526" assertions="107" time="0.124800"/>
        <testcase name="test_重み付けありパターンから生成_yml" class="TDGTest" file="C:\Users\owner\TestDataGenerator\tests\functional\TDGTest.php" line="1571" assertions="107" time="0.156001"/>
        <testcase name="test_文字数指定重み付けありパターンから生成_json" class="TDGTest" file="C:\Users\owner\TestDataGenerator\tests\functional\TDGTest.php" line="1616" assertions="207" time="0.187200"/>
        <testcase name="test_文字数指定重み付けありパターンから生成_yml" class="TDGTest" file="C:\Users\owner\TestDataGenerator\tests\functional\TDGTest.php" line="1665" assertions="207" time="0.202800"/>
        <testcase name="test_指定した合計文字数と各パターンの文字数で各パターンの文字から生成_json" class="TDGTest" file="C:\Users\owner\TestDataGenerator\tests\functional\TDGTest.php" line="1714" assertions="204" time="0.218401"/>
        <testcase name="test_指定した合計文字数と各パターンの文字数で各パターンの文字から生成_yml" class="TDGTest" file="C:\Users\owner\TestDataGenerator\tests\functional\TDGTest.php" line="1742" assertions="204" time="0.249600"/>
        <testcase name="test_指定した範囲の合計文字数と各パターンの文字数で各パターンの文字から生成_json" class="TDGTest" file="C:\Users\owner\TestDataGenerator\tests\functional\TDGTest.php" line="1770" assertions="204" time="0.374401"/>
        <testcase name="test_指定した範囲の合計文字数と各パターンの文字数で各パターンの文字から生成_yml" class="TDGTest" file="C:\Users\owner\TestDataGenerator\tests\functional\TDGTest.php" line="1798" assertions="204" time="0.358801"/>
        <testcase name="test_テーブル削除ありでDBより郵便番号を生成_json" class="TDGTest" file="C:\Users\owner\TestDataGenerator\tests\functional\TDGTest.php" line="1826" assertions="4006" time="184.688724"/>
        <testcase name="test_テーブル削除ありでDBより郵便番号を生成_yml" class="TDGTest" file="C:\Users\owner\TestDataGenerator\tests\functional\TDGTest.php" line="1876" assertions="4006" time="186.841528"/>
        <testcase name="test_テーブル削除無しでDBより郵便番号を生成_json" class="TDGTest" file="C:\Users\owner\TestDataGenerator\tests\functional\TDGTest.php" line="1926" assertions="4006" time="185.250326"/>
        <testcase name="test_テーブル削除無しでDBより郵便番号を生成_yml" class="TDGTest" file="C:\Users\owner\TestDataGenerator\tests\functional\TDGTest.php" line="1976" assertions="4006" time="186.217527"/>
        <testcase name="test_先頭にパターンを付けてDBより郵便番号を生成_json" class="TDGTest" file="C:\Users\owner\TestDataGenerator\tests\functional\TDGTest.php" line="2030" assertions="204" time="3.276006"/>
        <testcase name="test_先頭にパターンを付けてDBより郵便番号を生成_yml" class="TDGTest" file="C:\Users\owner\TestDataGenerator\tests\functional\TDGTest.php" line="2062" assertions="204" time="3.307206"/>
        <testcase name="test_末尾にパターンを付けてDBより郵便番号を生成_json" class="TDGTest" file="C:\Users\owner\TestDataGenerator\tests\functional\TDGTest.php" line="2094" assertions="204" time="3.276005"/>
        <testcase name="test_末尾にパターンを付けてDBより郵便番号を生成_yml" class="TDGTest" file="C:\Users\owner\TestDataGenerator\tests\functional\TDGTest.php" line="2126" assertions="204" time="3.307206"/>
        <testcase name="test_先頭に重み付けありのパターンを付けてDBより郵便番号を生成_json" class="TDGTest" file="C:\Users\owner\TestDataGenerator\tests\functional\TDGTest.php" line="2158" assertions="207" time="3.291606"/>
        <testcase name="test_先頭に重み付けありのパターンを付けてDBより郵便番号を生成_yml" class="TDGTest" file="C:\Users\owner\TestDataGenerator\tests\functional\TDGTest.php" line="2208" assertions="207" time="3.291606"/>
        <testcase name="test_１からシーケンス番号・アンダースコア・DBより郵便番号を生成_json" class="TDGTest" file="C:\Users\owner\TestDataGenerator\tests\functional\TDGTest.php" line="2258" assertions="204" time="3.307206"/>
        <testcase name="test_１からシーケンス番号・アンダースコア・DBより郵便番号を生成_yml" class="TDGTest" file="C:\Users\owner\TestDataGenerator\tests\functional\TDGTest.php" line="2290" assertions="204" time="3.244805"/>
        <testcase name="test_実際の利用を想定したユーザーテーブルデータの生成_json" class="TDGTest" file="C:\Users\owner\TestDataGenerator\tests\functional\TDGTest.php" line="2321" assertions="26007" time="200.569553"/>
        <testcase name="test_実際の利用を想定したユーザーテーブルデータの生成_yml" class="TDGTest" file="C:\Users\owner\TestDataGenerator\tests\functional\TDGTest.php" line="2405" assertions="26007" time="200.787952"/>
      </testsuite>
    </testsuite>
  </testsuite>
</testsuites>
