<?xml version="1.0" encoding="UTF-8"?>
<testsuites>
  <testsuite name="" tests="4" assertions="56020" failures="0" errors="0" time="469.607626">
    <testsuite name="operation" tests="4" assertions="56020" failures="0" errors="0" time="469.607626">
      <testsuite name="TDGTest" file="C:\Users\owner\TestDataGenerator\tests\operation\TDGTest.php" tests="4" assertions="56020" failures="0" errors="0" time="469.607626">
        <testcase name="test_実際の利用を想定したユーザーテーブルデータの生成_json" class="TDGTest" file="C:\Users\owner\TestDataGenerator\tests\operation\TDGTest.php" line="31" assertions="26007" time="224.624795"/>
        <testcase name="test_実際の利用を想定したユーザーテーブルデータの生成_yml" class="TDGTest" file="C:\Users\owner\TestDataGenerator\tests\operation\TDGTest.php" line="116" assertions="26007" time="208.463166"/>
        <testcase name="test_出力ファイルをsqlに指定して実際の利用を想定したユーザーテーブルデータの生成_json" class="TDGTest" file="C:\Users\owner\TestDataGenerator\tests\operation\TDGTest.php" line="204" assertions="2003" time="18.220833"/>
        <testcase name="test_出力ファイルをsqlに指定して実際の利用を想定したユーザーテーブルデータの生成_yml" class="TDGTest" file="C:\Users\owner\TestDataGenerator\tests\operation\TDGTest.php" line="255" assertions="2003" time="18.298832"/>
      </testsuite>
    </testsuite>
  </testsuite>
</testsuites>
