<?xml version="1.0" encoding="UTF-8"?>
<testsuites>
  <testsuite name="" tests="69" assertions="44521" failures="0" errors="0" time="838.080273">
    <testsuite name="functional" tests="69" assertions="44521" failures="0" errors="0" time="838.080273">
      <testsuite name="TDGTest" file="C:\Users\owner\TestDataGenerator\tests\functional\TDGTest.php" tests="69" assertions="44521" failures="0" errors="0" time="838.080273">
        <testcase name="test_default_config" class="TDGTest" file="C:\Users\owner\TestDataGenerator\tests\functional\TDGTest.php" line="33" assertions="203" time="0.187200"/>
        <testcase name="test_１からシーケンス番号を生成_json" class="TDGTest" file="C:\Users\owner\TestDataGenerator\tests\functional\TDGTest.php" line="53" assertions="204" time="0.171600"/>
        <testcase name="test_１からシーケンス番号を生成_yml" class="TDGTest" file="C:\Users\owner\TestDataGenerator\tests\functional\TDGTest.php" line="81" assertions="204" time="0.171601"/>
        <testcase name="test_出力ファイルパスを指定して１からシーケンス番号を生成_json" class="TDGTest" file="C:\Users\owner\TestDataGenerator\tests\functional\TDGTest.php" line="109" assertions="204" time="0.156000"/>
        <testcase name="test_出力ファイルパスを指定して１からシーケンス番号を生成_yml" class="TDGTest" file="C:\Users\owner\TestDataGenerator\tests\functional\TDGTest.php" line="137" assertions="204" time="0.202800"/>
        <testcase name="test_出力ファイルをsqlに指定して１からシーケンス番号を生成_json" class="TDGTest" file="C:\Users\owner\TestDataGenerator\tests\functional\TDGTest.php" line="165" assertions="4" time="0.124801"/>
        <testcase name="test_出力ファイルをsqlに指定して１からシーケンス番号を生成_yml" class="TDGTest" file="C:\Users\owner\TestDataGenerator\tests\functional\TDGTest.php" line="184" assertions="4" time="0.093600"/>
        <testcase name="test_ヘッダ無しで１からシーケンス番号を生成_json" class="TDGTest" file="C:\Users\owner\TestDataGenerator\tests\functional\TDGTest.php" line="203" assertions="203" time="0.156000"/>
        <testcase name="test_ヘッダ無しで１からシーケンス番号を生成_yml" class="TDGTest" file="C:\Users\owner\TestDataGenerator\tests\functional\TDGTest.php" line="226" assertions="203" time="0.171601"/>
        <testcase name="test_データの標準出力ありで１からシーケンス番号を生成_json" class="TDGTest" file="C:\Users\owner\TestDataGenerator\tests\functional\TDGTest.php" line="249" assertions="205" time="2.698804"/>
        <testcase name="test_データの標準出力ありで１からシーケンス番号を生成_yml" class="TDGTest" file="C:\Users\owner\TestDataGenerator\tests\functional\TDGTest.php" line="278" assertions="206" time="5.179209"/>
        <testcase name="test_改行コードCRLFで１からシーケンス番号を生成_json" class="TDGTest" file="C:\Users\owner\TestDataGenerator\tests\functional\TDGTest.php" line="310" assertions="204" time="0.156001"/>
        <testcase name="test_改行コードCRLFで１からシーケンス番号を生成_yml" class="TDGTest" file="C:\Users\owner\TestDataGenerator\tests\functional\TDGTest.php" line="338" assertions="204" time="0.187200"/>
        <testcase name="test_１０００からシーケンス番号を生成_json" class="TDGTest" file="C:\Users\owner\TestDataGenerator\tests\functional\TDGTest.php" line="366" assertions="204" time="0.156000"/>
        <testcase name="test_１０００からシーケンス番号を生成_yml" class="TDGTest" file="C:\Users\owner\TestDataGenerator\tests\functional\TDGTest.php" line="394" assertions="204" time="0.187201"/>
        <testcase name="test_４桁数値を生成_json" class="TDGTest" file="C:\Users\owner\TestDataGenerator\tests\functional\TDGTest.php" line="422" assertions="604" time="0.561601"/>
        <testcase name="test_４桁数値を生成_yml" class="TDGTest" file="C:\Users\owner\TestDataGenerator\tests\functional\TDGTest.php" line="452" assertions="604" time="0.577201"/>
        <testcase name="test_間隔５の４桁数値を生成_json" class="TDGTest" file="C:\Users\owner\TestDataGenerator\tests\functional\TDGTest.php" line="482" assertions="704" time="0.546001"/>
        <testcase name="test_間隔５の４桁数値を生成_yml" class="TDGTest" file="C:\Users\owner\TestDataGenerator\tests\functional\TDGTest.php" line="513" assertions="704" time="0.577201"/>
        <testcase name="test_間隔０．５の４桁数値を生成_json" class="TDGTest" file="C:\Users\owner\TestDataGenerator\tests\functional\TDGTest.php" line="544" assertions="604" time="0.514801"/>
        <testcase name="test_間隔０．５の４桁数値を生成_yml" class="TDGTest" file="C:\Users\owner\TestDataGenerator\tests\functional\TDGTest.php" line="574" assertions="604" time="0.530401"/>
        <testcase name="test_１００漸増で９フィールドに３桁数値を生成_json" class="TDGTest" file="C:\Users\owner\TestDataGenerator\tests\functional\TDGTest.php" line="604" assertions="4604" time="4.071607"/>
        <testcase name="test_１００漸増で９フィールドに３桁数値を生成_yml" class="TDGTest" file="C:\Users\owner\TestDataGenerator\tests\functional\TDGTest.php" line="638" assertions="4604" time="4.149607"/>
        <testcase name="test_高頻度で３桁数値・低頻度で４桁数値を生成_json" class="TDGTest" file="C:\Users\owner\TestDataGenerator\tests\functional\TDGTest.php" line="672" assertions="106" time="0.124801"/>
        <testcase name="test_高頻度で３桁数値・低頻度で４桁数値を生成_yml" class="TDGTest" file="C:\Users\owner\TestDataGenerator\tests\functional\TDGTest.php" line="711" assertions="106" time="0.156000"/>
        <testcase name="test_現在の日時を生成_json" class="TDGTest" file="C:\Users\owner\TestDataGenerator\tests\functional\TDGTest.php" line="750" assertions="504" time="0.218400"/>
        <testcase name="test_現在の日時を生成_yml" class="TDGTest" file="C:\Users\owner\TestDataGenerator\tests\functional\TDGTest.php" line="784" assertions="504" time="0.218401"/>
        <testcase name="test_２０１０～２０１５年の日時を生成_json" class="TDGTest" file="C:\Users\owner\TestDataGenerator\tests\functional\TDGTest.php" line="815" assertions="604" time="0.546001"/>
        <testcase name="test_２０１０～２０１５年の日時を生成_yml" class="TDGTest" file="C:\Users\owner\TestDataGenerator\tests\functional\TDGTest.php" line="845" assertions="604" time="0.577201"/>
        <testcase name="test_マイクロ秒単位で２０１０～２０１５年の日時を生成_json" class="TDGTest" file="C:\Users\owner\TestDataGenerator\tests\functional\TDGTest.php" line="875" assertions="604" time="0.624001"/>
        <testcase name="test_マイクロ秒単位で２０１０～２０１５年の日時を生成_yml" class="TDGTest" file="C:\Users\owner\TestDataGenerator\tests\functional\TDGTest.php" line="905" assertions="604" time="0.546001"/>
        <testcase name="test_高頻度で２０１０～２０１２年・低頻度で２０１３～２０１５年の日時を生成_json" class="TDGTest" file="C:\Users\owner\TestDataGenerator\tests\functional\TDGTest.php" line="935" assertions="206" time="0.187200"/>
        <testcase name="test_高頻度で２０１０～２０１２年・低頻度で２０１３～２０１５年の日時を生成_yml" class="TDGTest" file="C:\Users\owner\TestDataGenerator\tests\functional\TDGTest.php" line="977" assertions="205" time="0.202801"/>
        <testcase name="test_マイクロ秒単位で高頻度で２０１０～２０１２年・低頻度で２０１３～２０１５年の日時を生成_json" class="TDGTest" file="C:\Users\owner\TestDataGenerator\tests\functional\TDGTest.php" line="1018" assertions="206" time="0.171600"/>
        <testcase name="test_マイクロ秒単位で高頻度で２０１０～２０１２年・低頻度で２０１３～２０１５年の日時を生成_yml" class="TDGTest" file="C:\Users\owner\TestDataGenerator\tests\functional\TDGTest.php" line="1060" assertions="206" time="0.171600"/>
        <testcase name="test_現在のタイムスタンプを生成_json" class="TDGTest" file="C:\Users\owner\TestDataGenerator\tests\functional\TDGTest.php" line="1102" assertions="604" time="0.312001"/>
        <testcase name="test_現在のタイムスタンプを生成_yml" class="TDGTest" file="C:\Users\owner\TestDataGenerator\tests\functional\TDGTest.php" line="1134" assertions="604" time="0.312000"/>
        <testcase name="test_２０１０～２０１５年のタイムスタンプを生成_json" class="TDGTest" file="C:\Users\owner\TestDataGenerator\tests\functional\TDGTest.php" line="1166" assertions="604" time="0.530400"/>
        <testcase name="test_２０１０～２０１５年のタイムスタンプを生成_yml" class="TDGTest" file="C:\Users\owner\TestDataGenerator\tests\functional\TDGTest.php" line="1196" assertions="604" time="0.577201"/>
        <testcase name="test_マイクロ秒単位で２０１０～２０１５年のタイムスタンプを生成_json" class="TDGTest" file="C:\Users\owner\TestDataGenerator\tests\functional\TDGTest.php" line="1226" assertions="604" time="0.530400"/>
        <testcase name="test_マイクロ秒単位で２０１０～２０１５年のタイムスタンプを生成_yml" class="TDGTest" file="C:\Users\owner\TestDataGenerator\tests\functional\TDGTest.php" line="1256" assertions="604" time="0.546001"/>
        <testcase name="test_高頻度で２０１０～２０１２年・低頻度で２０１３～２０１５年のタイムスタンプを生成_json" class="TDGTest" file="C:\Users\owner\TestDataGenerator\tests\functional\TDGTest.php" line="1286" assertions="206" time="0.156001"/>
        <testcase name="test_高頻度で２０１０～２０１２年・低頻度で２０１３～２０１５年のタイムスタンプを生成_yml" class="TDGTest" file="C:\Users\owner\TestDataGenerator\tests\functional\TDGTest.php" line="1328" assertions="206" time="0.187200"/>
        <testcase name="test_マイクロ秒単位で高頻度で２０１０～２０１２年・低頻度で２０１３～２０１５年のタイムスタンプを生成_json" class="TDGTest" file="C:\Users\owner\TestDataGenerator\tests\functional\TDGTest.php" line="1370" assertions="206" time="0.171600"/>
        <testcase name="test_マイクロ秒単位で高頻度で２０１０～２０１２年・低頻度で２０１３～２０１５年のタイムスタンプを生成_yml" class="TDGTest" file="C:\Users\owner\TestDataGenerator\tests\functional\TDGTest.php" line="1412" assertions="206" time="0.202801"/>
        <testcase name="test_パターンクラスを使い携帯電話番号を生成_json" class="TDGTest" file="C:\Users\owner\TestDataGenerator\tests\functional\TDGTest.php" line="1454" assertions="204" time="0.202800"/>
        <testcase name="test_パターンクラスを使い携帯電話番号を生成_yml" class="TDGTest" file="C:\Users\owner\TestDataGenerator\tests\functional\TDGTest.php" line="1482" assertions="204" time="0.187201"/>
        <testcase name="test_ドル記号ありでパターンクラスを使い携帯電話番号を生成_json" class="TDGTest" file="C:\Users\owner\TestDataGenerator\tests\functional\TDGTest.php" line="1510" assertions="204" time="0.187200"/>
        <testcase name="test_ドル記号ありでパターンクラスを使い携帯電話番号を生成_yml" class="TDGTest" file="C:\Users\owner\TestDataGenerator\tests\functional\TDGTest.php" line="1538" assertions="204" time="0.202800"/>
        <testcase name="test_重み付けありパターンから生成_json" class="TDGTest" file="C:\Users\owner\TestDataGenerator\tests\functional\TDGTest.php" line="1566" assertions="107" time="0.156001"/>
        <testcase name="test_重み付けありパターンから生成_yml" class="TDGTest" file="C:\Users\owner\TestDataGenerator\tests\functional\TDGTest.php" line="1611" assertions="107" time="0.140400"/>
        <testcase name="test_文字数指定重み付けありパターンから生成_json" class="TDGTest" file="C:\Users\owner\TestDataGenerator\tests\functional\TDGTest.php" line="1656" assertions="207" time="0.187200"/>
        <testcase name="test_文字数指定重み付けありパターンから生成_yml" class="TDGTest" file="C:\Users\owner\TestDataGenerator\tests\functional\TDGTest.php" line="1705" assertions="207" time="0.202801"/>
        <testcase name="test_指定した合計文字数と各パターンの文字数で各パターンの文字から生成_json" class="TDGTest" file="C:\Users\owner\TestDataGenerator\tests\functional\TDGTest.php" line="1754" assertions="204" time="0.265200"/>
        <testcase name="test_指定した合計文字数と各パターンの文字数で各パターンの文字から生成_yml" class="TDGTest" file="C:\Users\owner\TestDataGenerator\tests\functional\TDGTest.php" line="1782" assertions="204" time="0.249601"/>
        <testcase name="test_指定した範囲の合計文字数と各パターンの文字数で各パターンの文字から生成_json" class="TDGTest" file="C:\Users\owner\TestDataGenerator\tests\functional\TDGTest.php" line="1810" assertions="204" time="0.343200"/>
        <testcase name="test_指定した範囲の合計文字数と各パターンの文字数で各パターンの文字から生成_yml" class="TDGTest" file="C:\Users\owner\TestDataGenerator\tests\functional\TDGTest.php" line="1838" assertions="204" time="0.421201"/>
        <testcase name="test_テーブル削除ありでDBより郵便番号を生成_json" class="TDGTest" file="C:\Users\owner\TestDataGenerator\tests\functional\TDGTest.php" line="1866" assertions="4006" time="195.468343"/>
        <testcase name="test_テーブル削除ありでDBより郵便番号を生成_yml" class="TDGTest" file="C:\Users\owner\TestDataGenerator\tests\functional\TDGTest.php" line="1916" assertions="4006" time="194.173541"/>
        <testcase name="test_テーブル削除無しでDBより郵便番号を生成_json" class="TDGTest" file="C:\Users\owner\TestDataGenerator\tests\functional\TDGTest.php" line="1966" assertions="4006" time="193.892740"/>
        <testcase name="test_テーブル削除無しでDBより郵便番号を生成_yml" class="TDGTest" file="C:\Users\owner\TestDataGenerator\tests\functional\TDGTest.php" line="2016" assertions="4006" time="196.700746"/>
        <testcase name="test_先頭にパターンを付けてDBより郵便番号を生成_json" class="TDGTest" file="C:\Users\owner\TestDataGenerator\tests\functional\TDGTest.php" line="2070" assertions="204" time="3.291606"/>
        <testcase name="test_先頭にパターンを付けてDBより郵便番号を生成_yml" class="TDGTest" file="C:\Users\owner\TestDataGenerator\tests\functional\TDGTest.php" line="2102" assertions="204" time="3.276005"/>
        <testcase name="test_末尾にパターンを付けてDBより郵便番号を生成_json" class="TDGTest" file="C:\Users\owner\TestDataGenerator\tests\functional\TDGTest.php" line="2134" assertions="204" time="3.322806"/>
        <testcase name="test_末尾にパターンを付けてDBより郵便番号を生成_yml" class="TDGTest" file="C:\Users\owner\TestDataGenerator\tests\functional\TDGTest.php" line="2166" assertions="204" time="3.276006"/>
        <testcase name="test_先頭に重み付けありのパターンを付けてDBより郵便番号を生成_json" class="TDGTest" file="C:\Users\owner\TestDataGenerator\tests\functional\TDGTest.php" line="2198" assertions="207" time="3.307206"/>
        <testcase name="test_先頭に重み付けありのパターンを付けてDBより郵便番号を生成_yml" class="TDGTest" file="C:\Users\owner\TestDataGenerator\tests\functional\TDGTest.php" line="2248" assertions="207" time="3.322806"/>
        <testcase name="test_１からシーケンス番号・アンダースコア・DBより郵便番号を生成_json" class="TDGTest" file="C:\Users\owner\TestDataGenerator\tests\functional\TDGTest.php" line="2298" assertions="204" time="3.276006"/>
        <testcase name="test_１からシーケンス番号・アンダースコア・DBより郵便番号を生成_yml" class="TDGTest" file="C:\Users\owner\TestDataGenerator\tests\functional\TDGTest.php" line="2330" assertions="204" time="3.229205"/>
      </testsuite>
    </testsuite>
  </testsuite>
</testsuites>
