<?xml version="1.0" encoding="UTF-8"?>
<testsuites>
  <testsuite name="" tests="4" assertions="56020" failures="0" errors="0" time="347.054492">
    <testsuite name="operation" tests="4" assertions="56020" failures="0" errors="0" time="347.054492">
      <testsuite name="TDGTest" file="/home/nicorec/TestDataGenerator/tests/operation/TDGTest.php" tests="4" assertions="56020" failures="0" errors="0" time="347.054492">
        <testcase name="test_実際の利用を想定したユーザーテーブルデータの生成_json" class="TDGTest" file="/home/nicorec/TestDataGenerator/tests/operation/TDGTest.php" line="31" assertions="26007" time="143.730440"/>
        <testcase name="test_実際の利用を想定したユーザーテーブルデータの生成_yml" class="TDGTest" file="/home/nicorec/TestDataGenerator/tests/operation/TDGTest.php" line="116" assertions="26007" time="146.057958"/>
        <testcase name="test_出力ファイルをsqlに指定して実際の利用を想定したユーザーテーブルデータの生成_json" class="TDGTest" file="/home/nicorec/TestDataGenerator/tests/operation/TDGTest.php" line="204" assertions="2003" time="28.873382"/>
        <testcase name="test_出力ファイルをsqlに指定して実際の利用を想定したユーザーテーブルデータの生成_yml" class="TDGTest" file="/home/nicorec/TestDataGenerator/tests/operation/TDGTest.php" line="255" assertions="2003" time="28.392712"/>
      </testsuite>
    </testsuite>
  </testsuite>
</testsuites>
