<?xml version="1.0" encoding="UTF-8"?>
<testsuites>
  <testsuite name="" tests="68" assertions="196" failures="0" errors="0" time="4.492809">
    <testsuite name="unit" tests="68" assertions="196" failures="0" errors="0" time="4.492809">
      <testsuite name="UtilTest" file="C:\Users\owner\TestDataGenerator\tests\unit\UtilTest.php" tests="66" assertions="181" failures="0" errors="0" time="4.430409">
        <testcase name="test_is_numeric_uint_intの正の整数" class="UtilTest" file="C:\Users\owner\TestDataGenerator\tests\unit\UtilTest.php" line="6" assertions="1" time="0.015600"/>
        <testcase name="test_is_numeric_uint_intのゼロ" class="UtilTest" file="C:\Users\owner\TestDataGenerator\tests\unit\UtilTest.php" line="11" assertions="1" time="0.015600"/>
        <testcase name="test_is_numeric_uint_stringの正の整数" class="UtilTest" file="C:\Users\owner\TestDataGenerator\tests\unit\UtilTest.php" line="16" assertions="1" time="0.015601"/>
        <testcase name="test_is_numeric_uint_stringのゼロ" class="UtilTest" file="C:\Users\owner\TestDataGenerator\tests\unit\UtilTest.php" line="21" assertions="1" time="0.015600"/>
        <testcase name="test_is_numeric_uint_intの負の整数" class="UtilTest" file="C:\Users\owner\TestDataGenerator\tests\unit\UtilTest.php" line="26" assertions="1" time="0.015600"/>
        <testcase name="test_is_numeric_uint_stringの負の整数" class="UtilTest" file="C:\Users\owner\TestDataGenerator\tests\unit\UtilTest.php" line="31" assertions="1" time="0.015600"/>
        <testcase name="test_is_numeric_uint_floatの正の浮動小数点数" class="UtilTest" file="C:\Users\owner\TestDataGenerator\tests\unit\UtilTest.php" line="36" assertions="1" time="0.015600"/>
        <testcase name="test_is_numeric_uint_NAN" class="UtilTest" file="C:\Users\owner\TestDataGenerator\tests\unit\UtilTest.php" line="41" assertions="1" time="0.015600"/>
        <testcase name="test_is_numeric_uint_NULL" class="UtilTest" file="C:\Users\owner\TestDataGenerator\tests\unit\UtilTest.php" line="46" assertions="1" time="0.015600"/>
        <testcase name="test_is_numeric_uint_配列" class="UtilTest" file="C:\Users\owner\TestDataGenerator\tests\unit\UtilTest.php" line="51" assertions="1" time="0.015600"/>
        <testcase name="test_array_depth_空の配列" class="UtilTest" file="C:\Users\owner\TestDataGenerator\tests\unit\UtilTest.php" line="56" assertions="1" time="0.015600"/>
        <testcase name="test_array_depth_１次元の配列" class="UtilTest" file="C:\Users\owner\TestDataGenerator\tests\unit\UtilTest.php" line="61" assertions="1" time="0.031200"/>
        <testcase name="test_array_depth_２次元の配列" class="UtilTest" file="C:\Users\owner\TestDataGenerator\tests\unit\UtilTest.php" line="68" assertions="1" time="0.031200"/>
        <testcase name="test_array_depth_オブジェクト" class="UtilTest" file="C:\Users\owner\TestDataGenerator\tests\unit\UtilTest.php" line="77" assertions="1" time="0.031200"/>
        <testcase name="test_json_last_error_msg_正常なJSONをデコード" class="UtilTest" file="C:\Users\owner\TestDataGenerator\tests\unit\UtilTest.php" line="82" assertions="1" time="0.031200"/>
        <testcase name="test_json_last_error_msg_構文エラーなJSONをデコード" class="UtilTest" file="C:\Users\owner\TestDataGenerator\tests\unit\UtilTest.php" line="88" assertions="1" time="0.031200"/>
        <testcase name="test_json_last_error_msg_NANを含む配列をJSONにエンコード" class="UtilTest" file="C:\Users\owner\TestDataGenerator\tests\unit\UtilTest.php" line="94" assertions="1" time="0.015600"/>
        <testcase name="test_json_encode_JSONにエンコード可能な連想配列" class="UtilTest" file="C:\Users\owner\TestDataGenerator\tests\unit\UtilTest.php" line="107" assertions="1" time="0.015600"/>
        <testcase name="test_json_encode_スカラ値の一種である文字列" class="UtilTest" file="C:\Users\owner\TestDataGenerator\tests\unit\UtilTest.php" line="112" assertions="1" time="0.015600"/>
        <testcase name="test_json_encode_NANとINFを含む配列" class="UtilTest" file="C:\Users\owner\TestDataGenerator\tests\unit\UtilTest.php" line="117" assertions="1" time="0.015600"/>
        <testcase name="test_json_decode_正常なJSON" class="UtilTest" file="C:\Users\owner\TestDataGenerator\tests\unit\UtilTest.php" line="122" assertions="1" time="0.015601"/>
        <testcase name="test_json_decode_構文エラーなJSON" class="UtilTest" file="C:\Users\owner\TestDataGenerator\tests\unit\UtilTest.php" line="127" assertions="1" time="0.015600"/>
        <testcase name="test_normalize_charset_Shift_JISをSJISに変換" class="UtilTest" file="C:\Users\owner\TestDataGenerator\tests\unit\UtilTest.php" line="132" assertions="1" time="0.015600"/>
        <testcase name="test_normalize_charset_MySQL用にをUTF8に変換" class="UtilTest" file="C:\Users\owner\TestDataGenerator\tests\unit\UtilTest.php" line="137" assertions="1" time="0.031200"/>
        <testcase name="test_check_ext_拡張子csv" class="UtilTest" file="C:\Users\owner\TestDataGenerator\tests\unit\UtilTest.php" line="142" assertions="1" time="0.031200"/>
        <testcase name="test_check_ext_拡張子はないがファイル名末尾が拡張子と同じ" class="UtilTest" file="C:\Users\owner\TestDataGenerator\tests\unit\UtilTest.php" line="148" assertions="1" time="0.031200"/>
        <testcase name="test_get_data_by_json_file_存在するJSONファイルパス" class="UtilTest" file="C:\Users\owner\TestDataGenerator\tests\unit\UtilTest.php" line="154" assertions="2" time="0.031200"/>
        <testcase name="test_get_data_by_json_file_存在しないJSONファイルパス" class="UtilTest" file="C:\Users\owner\TestDataGenerator\tests\unit\UtilTest.php" line="164" assertions="2" time="0.015600"/>
        <testcase name="test_get_data_by_yml_file_存在するYMLファイルパス" class="UtilTest" file="C:\Users\owner\TestDataGenerator\tests\unit\UtilTest.php" line="171" assertions="2" time="0.031200"/>
        <testcase name="test_get_data_by_yml_file_存在しないYMLファイルパス" class="UtilTest" file="C:\Users\owner\TestDataGenerator\tests\unit\UtilTest.php" line="181" assertions="2" time="0.031200"/>
        <testcase name="test_create_weighted_csv_ヘッダありCSVの重み付け" class="UtilTest" file="C:\Users\owner\TestDataGenerator\tests\unit\UtilTest.php" line="188" assertions="11" time="0.062400"/>
        <testcase name="test_create_weighted_csv_ヘッダ無しCSVの重み付け" class="UtilTest" file="C:\Users\owner\TestDataGenerator\tests\unit\UtilTest.php" line="228" assertions="11" time="0.031200"/>
        <testcase name="test_create_weighted_csv_引数max_recordsの検証" class="UtilTest" file="C:\Users\owner\TestDataGenerator\tests\unit\UtilTest.php" line="263" assertions="3" time="0.031200"/>
        <testcase name="test_create_weighted_csv_配列の重み付け" class="UtilTest" file="C:\Users\owner\TestDataGenerator\tests\unit\UtilTest.php" line="272" assertions="9" time="0.031201"/>
        <testcase name="test_csv_to_bulk_insert_データ数１０" class="UtilTest" file="C:\Users\owner\TestDataGenerator\tests\unit\UtilTest.php" line="306" assertions="5" time="0.031200"/>
        <testcase name="test_csv_to_bulk_insert_データ数１０１０" class="UtilTest" file="C:\Users\owner\TestDataGenerator\tests\unit\UtilTest.php" line="321" assertions="6" time="0.187200"/>
        <testcase name="test_csv_to_bulk_insert_テーブル名変更データ数１０１０" class="UtilTest" file="C:\Users\owner\TestDataGenerator\tests\unit\UtilTest.php" line="339" assertions="6" time="0.187200"/>
        <testcase name="test_csv_to_bulk_insert_カラム変更データ数１０１０" class="UtilTest" file="C:\Users\owner\TestDataGenerator\tests\unit\UtilTest.php" line="357" assertions="6" time="0.202801"/>
        <testcase name="test_csv_to_bulk_insert_ヘッダ無しデータ数１０１０" class="UtilTest" file="C:\Users\owner\TestDataGenerator\tests\unit\UtilTest.php" line="376" assertions="6" time="0.202800"/>
        <testcase name="test_csv_to_bulk_insert_NOT_NULLデータ数１０１０" class="UtilTest" file="C:\Users\owner\TestDataGenerator\tests\unit\UtilTest.php" line="395" assertions="6" time="0.218400"/>
        <testcase name="test_csv_to_bulk_insert_NULL文字列変更データ数１０１０" class="UtilTest" file="C:\Users\owner\TestDataGenerator\tests\unit\UtilTest.php" line="414" assertions="6" time="0.202801"/>
        <testcase name="test_csv_to_bulk_insert_改行文字変更データ数１０１０" class="UtilTest" file="C:\Users\owner\TestDataGenerator\tests\unit\UtilTest.php" line="433" assertions="7" time="0.202800"/>
        <testcase name="test_csv_to_bulk_insert_引数divisor１００データ数１０１０" class="UtilTest" file="C:\Users\owner\TestDataGenerator\tests\unit\UtilTest.php" line="454" assertions="6" time="0.218401"/>
        <testcase name="test_csv_to_bulk_insert_ユニークカラムありデータ数１０１０" class="UtilTest" file="C:\Users\owner\TestDataGenerator\tests\unit\UtilTest.php" line="473" assertions="5" time="0.093600"/>
        <testcase name="test_csv_to_bulk_insert_集計カラムありデータ数１０１０" class="UtilTest" file="C:\Users\owner\TestDataGenerator\tests\unit\UtilTest.php" line="489" assertions="6" time="0.234000"/>
        <testcase name="test_csv_to_bulk_insert_前後SQLありデータ数１０１０" class="UtilTest" file="C:\Users\owner\TestDataGenerator\tests\unit\UtilTest.php" line="509" assertions="8" time="0.249601"/>
        <testcase name="test_csv_to_bulk_insert_SJISからUTF8に変換データ数１０１０" class="UtilTest" file="C:\Users\owner\TestDataGenerator\tests\unit\UtilTest.php" line="532" assertions="6" time="0.249600"/>
        <testcase name="test_csv_to_bulk_insert_引数max_recordsの検証データ数１０１０" class="UtilTest" file="C:\Users\owner\TestDataGenerator\tests\unit\UtilTest.php" line="551" assertions="2" time="0.046800"/>
        <testcase name="test_csv_to_bulk_insert_配列でデータ数１０１０" class="UtilTest" file="C:\Users\owner\TestDataGenerator\tests\unit\UtilTest.php" line="561" assertions="3" time="0.187200"/>
        <testcase name="test_csv_to_bulk_insert_ヘッダ無し配列でデータ数１０１０" class="UtilTest" file="C:\Users\owner\TestDataGenerator\tests\unit\UtilTest.php" line="573" assertions="3" time="0.187201"/>
        <testcase name="test_csv_to_bulk_insert_連想配列でデータ数１０１０" class="UtilTest" file="C:\Users\owner\TestDataGenerator\tests\unit\UtilTest.php" line="585" assertions="3" time="0.187200"/>
        <testcase name="test_fputcsv_１レコード書き込み" class="UtilTest" file="C:\Users\owner\TestDataGenerator\tests\unit\UtilTest.php" line="597" assertions="3" time="0.031200"/>
        <testcase name="test_fputcsv_非NULL１レコード書き込み" class="UtilTest" file="C:\Users\owner\TestDataGenerator\tests\unit\UtilTest.php" line="610" assertions="3" time="0.031200"/>
        <testcase name="test_fputcsv_NULL１レコード書き込み" class="UtilTest" file="C:\Users\owner\TestDataGenerator\tests\unit\UtilTest.php" line="623" assertions="3" time="0.031200"/>
        <testcase name="test_fputcsv_UTF8からSJISに変換１レコード書き込み" class="UtilTest" file="C:\Users\owner\TestDataGenerator\tests\unit\UtilTest.php" line="636" assertions="3" time="0.031200"/>
        <testcase name="test_println_ASCII文字列" class="UtilTest" file="C:\Users\owner\TestDataGenerator\tests\unit\UtilTest.php" line="651" assertions="1" time="0.046800"/>
        <testcase name="test_println_改行コード付きASCII文字列" class="UtilTest" file="C:\Users\owner\TestDataGenerator\tests\unit\UtilTest.php" line="657" assertions="1" time="0.046801"/>
        <testcase name="test_println_日本語文字列" class="UtilTest" file="C:\Users\owner\TestDataGenerator\tests\unit\UtilTest.php" line="663" assertions="1" time="0.062400"/>
        <testcase name="test_println_改行コード付き日本語文字列" class="UtilTest" file="C:\Users\owner\TestDataGenerator\tests\unit\UtilTest.php" line="676" assertions="1" time="0.062400"/>
        <testcase name="test_safely_eval_問題無いコード" class="UtilTest" file="C:\Users\owner\TestDataGenerator\tests\unit\UtilTest.php" line="689" assertions="1" time="0.015600"/>
        <testcase name="test_safely_eval_構文エラーなコード" class="UtilTest" file="C:\Users\owner\TestDataGenerator\tests\unit\UtilTest.php" line="694" assertions="1" time="0.031200"/>
        <testcase name="test_safely_eval_ホワイトリストに無いトークンを使用したコード" class="UtilTest" file="C:\Users\owner\TestDataGenerator\tests\unit\UtilTest.php" line="699" assertions="1" time="0.031200"/>
        <testcase name="test_safely_eval_ホワイトリストに追加したトークンを使用したコード" class="UtilTest" file="C:\Users\owner\TestDataGenerator\tests\unit\UtilTest.php" line="704" assertions="1" time="0.031200"/>
        <testcase name="test_safely_eval_ブラックリストに追加したトークンを使用したコード" class="UtilTest" file="C:\Users\owner\TestDataGenerator\tests\unit\UtilTest.php" line="709" assertions="1" time="0.031200"/>
        <testcase name="test_safely_eval_必須リストに追加したトークンを使用していないコード" class="UtilTest" file="C:\Users\owner\TestDataGenerator\tests\unit\UtilTest.php" line="714" assertions="1" time="0.031200"/>
        <testcase name="test_safely_eval_必須リストに追加したトークンを使用したコード" class="UtilTest" file="C:\Users\owner\TestDataGenerator\tests\unit\UtilTest.php" line="718" assertions="1" time="0.031200"/>
      </testsuite>
      <testsuite name="WeightedArrayTest" file="C:\Users\owner\TestDataGenerator\tests\unit\WeightedArrayTest.php" tests="2" assertions="15" failures="0" errors="0" time="0.062400">
        <testcase name="test_WeightedArrayの生成とランダム抽出" class="WeightedArrayTest" file="C:\Users\owner\TestDataGenerator\tests\unit\WeightedArrayTest.php" line="6" assertions="6" time="0.046800"/>
        <testcase name="test_WeightedArrayの生成とget_array_from_keys" class="WeightedArrayTest" file="C:\Users\owner\TestDataGenerator\tests\unit\WeightedArrayTest.php" line="32" assertions="9" time="0.015600"/>
      </testsuite>
    </testsuite>
  </testsuite>
</testsuites>
