<?xml version="1.0" encoding="UTF-8"?>
<testsuites>
  <testsuite name="" tests="168" assertions="96758" failures="0" errors="0" time="5304.649955">
    <testsuite name="all" tests="168" assertions="96758" failures="0" errors="0" time="5304.649955">
      <testsuite name="UtilTest" file="/home/nicorec/TestDataGenerator/tests/unit/UtilTest.php" tests="95" assertions="210" failures="0" errors="0" time="15.621284">
        <testcase name="test_is_numeric_uint_intの正の整数" class="UtilTest" file="/home/nicorec/TestDataGenerator/tests/unit/UtilTest.php" line="6" assertions="1" time="0.075911"/>
        <testcase name="test_is_numeric_uint_intのゼロ" class="UtilTest" file="/home/nicorec/TestDataGenerator/tests/unit/UtilTest.php" line="11" assertions="1" time="0.069248"/>
        <testcase name="test_is_numeric_uint_stringの正の整数" class="UtilTest" file="/home/nicorec/TestDataGenerator/tests/unit/UtilTest.php" line="16" assertions="1" time="0.062474"/>
        <testcase name="test_is_numeric_uint_stringのゼロ" class="UtilTest" file="/home/nicorec/TestDataGenerator/tests/unit/UtilTest.php" line="21" assertions="1" time="0.063131"/>
        <testcase name="test_is_numeric_uint_intの負の整数" class="UtilTest" file="/home/nicorec/TestDataGenerator/tests/unit/UtilTest.php" line="26" assertions="1" time="0.072734"/>
        <testcase name="test_is_numeric_uint_stringの負の整数" class="UtilTest" file="/home/nicorec/TestDataGenerator/tests/unit/UtilTest.php" line="31" assertions="1" time="0.071920"/>
        <testcase name="test_is_numeric_uint_floatの正の浮動小数点数" class="UtilTest" file="/home/nicorec/TestDataGenerator/tests/unit/UtilTest.php" line="36" assertions="1" time="0.073533"/>
        <testcase name="test_is_numeric_uint_NAN" class="UtilTest" file="/home/nicorec/TestDataGenerator/tests/unit/UtilTest.php" line="41" assertions="1" time="0.066166"/>
        <testcase name="test_is_numeric_uint_NULL" class="UtilTest" file="/home/nicorec/TestDataGenerator/tests/unit/UtilTest.php" line="46" assertions="1" time="0.074388"/>
        <testcase name="test_is_numeric_uint_配列" class="UtilTest" file="/home/nicorec/TestDataGenerator/tests/unit/UtilTest.php" line="51" assertions="1" time="0.063598"/>
        <testcase name="test_is_flexible_bool_引数１がTRUE" class="UtilTest" file="/home/nicorec/TestDataGenerator/tests/unit/UtilTest.php" line="56" assertions="1" time="0.079300"/>
        <testcase name="test_is_flexible_bool_引数１がFALSE" class="UtilTest" file="/home/nicorec/TestDataGenerator/tests/unit/UtilTest.php" line="61" assertions="1" time="0.067713"/>
        <testcase name="test_is_flexible_bool_引数１がintの１" class="UtilTest" file="/home/nicorec/TestDataGenerator/tests/unit/UtilTest.php" line="66" assertions="1" time="0.063543"/>
        <testcase name="test_is_flexible_bool_引数１がintの０" class="UtilTest" file="/home/nicorec/TestDataGenerator/tests/unit/UtilTest.php" line="71" assertions="1" time="0.068964"/>
        <testcase name="test_is_flexible_bool_引数１がstringの１" class="UtilTest" file="/home/nicorec/TestDataGenerator/tests/unit/UtilTest.php" line="76" assertions="1" time="0.064262"/>
        <testcase name="test_is_flexible_bool_引数１がstringの０" class="UtilTest" file="/home/nicorec/TestDataGenerator/tests/unit/UtilTest.php" line="81" assertions="1" time="0.066402"/>
        <testcase name="test_is_flexible_bool_引数１がyes" class="UtilTest" file="/home/nicorec/TestDataGenerator/tests/unit/UtilTest.php" line="86" assertions="1" time="0.064076"/>
        <testcase name="test_is_flexible_bool_引数１がno" class="UtilTest" file="/home/nicorec/TestDataGenerator/tests/unit/UtilTest.php" line="91" assertions="1" time="0.065587"/>
        <testcase name="test_is_flexible_bool_引数１がy" class="UtilTest" file="/home/nicorec/TestDataGenerator/tests/unit/UtilTest.php" line="96" assertions="1" time="0.066166"/>
        <testcase name="test_is_flexible_bool_引数１がn" class="UtilTest" file="/home/nicorec/TestDataGenerator/tests/unit/UtilTest.php" line="101" assertions="1" time="0.061781"/>
        <testcase name="test_is_flexible_bool_引数１が空文字" class="UtilTest" file="/home/nicorec/TestDataGenerator/tests/unit/UtilTest.php" line="106" assertions="1" time="0.065253"/>
        <testcase name="test_is_flexible_bool_引数１がNULL" class="UtilTest" file="/home/nicorec/TestDataGenerator/tests/unit/UtilTest.php" line="111" assertions="1" time="0.068310"/>
        <testcase name="test_is_flexible_bool_引数２がTRUEで引数１がyes" class="UtilTest" file="/home/nicorec/TestDataGenerator/tests/unit/UtilTest.php" line="116" assertions="1" time="0.068582"/>
        <testcase name="test_is_flexible_bool_引数２がTRUEで引数１がno" class="UtilTest" file="/home/nicorec/TestDataGenerator/tests/unit/UtilTest.php" line="121" assertions="1" time="0.065733"/>
        <testcase name="test_is_flexible_bool_引数２がTRUEで引数１がy" class="UtilTest" file="/home/nicorec/TestDataGenerator/tests/unit/UtilTest.php" line="126" assertions="1" time="0.064769"/>
        <testcase name="test_is_flexible_bool_引数２がTRUEで引数１がn" class="UtilTest" file="/home/nicorec/TestDataGenerator/tests/unit/UtilTest.php" line="131" assertions="1" time="0.067470"/>
        <testcase name="test_is_flexible_bool_引数３がTRUEで引数１がyes" class="UtilTest" file="/home/nicorec/TestDataGenerator/tests/unit/UtilTest.php" line="136" assertions="1" time="0.062941"/>
        <testcase name="test_is_flexible_bool_引数３がTRUEで引数１がno" class="UtilTest" file="/home/nicorec/TestDataGenerator/tests/unit/UtilTest.php" line="141" assertions="1" time="0.063045"/>
        <testcase name="test_is_flexible_bool_引数３がTRUEで引数１がy" class="UtilTest" file="/home/nicorec/TestDataGenerator/tests/unit/UtilTest.php" line="146" assertions="1" time="0.063331"/>
        <testcase name="test_is_flexible_bool_引数３がTRUEで引数１がn" class="UtilTest" file="/home/nicorec/TestDataGenerator/tests/unit/UtilTest.php" line="151" assertions="1" time="0.064354"/>
        <testcase name="test_array_depth_空の配列" class="UtilTest" file="/home/nicorec/TestDataGenerator/tests/unit/UtilTest.php" line="156" assertions="1" time="0.067091"/>
        <testcase name="test_array_depth_１次元の配列" class="UtilTest" file="/home/nicorec/TestDataGenerator/tests/unit/UtilTest.php" line="161" assertions="1" time="0.065545"/>
        <testcase name="test_array_depth_２次元の配列" class="UtilTest" file="/home/nicorec/TestDataGenerator/tests/unit/UtilTest.php" line="168" assertions="1" time="0.067215"/>
        <testcase name="test_array_depth_オブジェクト" class="UtilTest" file="/home/nicorec/TestDataGenerator/tests/unit/UtilTest.php" line="177" assertions="1" time="0.072058"/>
        <testcase name="test_s_to_hms_小数で1時間以上" class="UtilTest" file="/home/nicorec/TestDataGenerator/tests/unit/UtilTest.php" line="182" assertions="1" time="0.069993"/>
        <testcase name="test_s_to_hms_1時間以上" class="UtilTest" file="/home/nicorec/TestDataGenerator/tests/unit/UtilTest.php" line="187" assertions="1" time="0.075083"/>
        <testcase name="test_s_to_hms_1時間" class="UtilTest" file="/home/nicorec/TestDataGenerator/tests/unit/UtilTest.php" line="192" assertions="1" time="0.069488"/>
        <testcase name="test_s_to_hms_1分以上" class="UtilTest" file="/home/nicorec/TestDataGenerator/tests/unit/UtilTest.php" line="197" assertions="1" time="0.065798"/>
        <testcase name="test_s_to_hms_1分" class="UtilTest" file="/home/nicorec/TestDataGenerator/tests/unit/UtilTest.php" line="202" assertions="1" time="0.068584"/>
        <testcase name="test_s_to_hms_1分未満" class="UtilTest" file="/home/nicorec/TestDataGenerator/tests/unit/UtilTest.php" line="207" assertions="1" time="0.065290"/>
        <testcase name="test_s_to_hms_1秒未満" class="UtilTest" file="/home/nicorec/TestDataGenerator/tests/unit/UtilTest.php" line="212" assertions="1" time="0.067957"/>
        <testcase name="test_s_to_hms_数値以外" class="UtilTest" file="/home/nicorec/TestDataGenerator/tests/unit/UtilTest.php" line="217" assertions="1" time="0.068492"/>
        <testcase name="test_s_to_hms_負数" class="UtilTest" file="/home/nicorec/TestDataGenerator/tests/unit/UtilTest.php" line="222" assertions="1" time="0.070754"/>
        <testcase name="test_json_last_error_msg_正常なJSONをデコード" class="UtilTest" file="/home/nicorec/TestDataGenerator/tests/unit/UtilTest.php" line="227" assertions="1" time="0.064521"/>
        <testcase name="test_json_last_error_msg_構文エラーなJSONをデコード" class="UtilTest" file="/home/nicorec/TestDataGenerator/tests/unit/UtilTest.php" line="233" assertions="1" time="0.066887"/>
        <testcase name="test_json_last_error_msg_NANを含む配列をJSONにエンコード" class="UtilTest" file="/home/nicorec/TestDataGenerator/tests/unit/UtilTest.php" line="239" assertions="1" time="0.067996"/>
        <testcase name="test_json_encode_JSONにエンコード可能な連想配列" class="UtilTest" file="/home/nicorec/TestDataGenerator/tests/unit/UtilTest.php" line="252" assertions="1" time="0.068468"/>
        <testcase name="test_json_encode_スカラ値の一種である文字列" class="UtilTest" file="/home/nicorec/TestDataGenerator/tests/unit/UtilTest.php" line="257" assertions="1" time="0.072448"/>
        <testcase name="test_json_encode_NANとINFを含む配列" class="UtilTest" file="/home/nicorec/TestDataGenerator/tests/unit/UtilTest.php" line="262" assertions="1" time="0.068066"/>
        <testcase name="test_json_decode_正常なJSON" class="UtilTest" file="/home/nicorec/TestDataGenerator/tests/unit/UtilTest.php" line="267" assertions="1" time="0.070750"/>
        <testcase name="test_json_decode_構文エラーなJSON" class="UtilTest" file="/home/nicorec/TestDataGenerator/tests/unit/UtilTest.php" line="272" assertions="1" time="0.067414"/>
        <testcase name="test_normalize_charset_Shift_JISをSJISに変換" class="UtilTest" file="/home/nicorec/TestDataGenerator/tests/unit/UtilTest.php" line="277" assertions="1" time="0.068065"/>
        <testcase name="test_normalize_charset_MySQL用にをUTF8に変換" class="UtilTest" file="/home/nicorec/TestDataGenerator/tests/unit/UtilTest.php" line="282" assertions="1" time="0.067816"/>
        <testcase name="test_check_ext_拡張子csv" class="UtilTest" file="/home/nicorec/TestDataGenerator/tests/unit/UtilTest.php" line="287" assertions="1" time="0.069616"/>
        <testcase name="test_check_ext_拡張子はないがファイル名末尾が拡張子と同じ" class="UtilTest" file="/home/nicorec/TestDataGenerator/tests/unit/UtilTest.php" line="293" assertions="1" time="0.066613"/>
        <testcase name="test_get_data_by_json_file_存在するJSONファイルパス" class="UtilTest" file="/home/nicorec/TestDataGenerator/tests/unit/UtilTest.php" line="299" assertions="2" time="0.069129"/>
        <testcase name="test_get_data_by_json_file_存在しないJSONファイルパス" class="UtilTest" file="/home/nicorec/TestDataGenerator/tests/unit/UtilTest.php" line="309" assertions="2" time="0.074665"/>
        <testcase name="test_get_data_by_yml_file_存在するYMLファイルパス" class="UtilTest" file="/home/nicorec/TestDataGenerator/tests/unit/UtilTest.php" line="316" assertions="2" time="0.100459"/>
        <testcase name="test_get_data_by_yml_file_存在しないYMLファイルパス" class="UtilTest" file="/home/nicorec/TestDataGenerator/tests/unit/UtilTest.php" line="326" assertions="2" time="0.075082"/>
        <testcase name="test_create_weighted_csv_ヘッダありCSVの重み付け" class="UtilTest" file="/home/nicorec/TestDataGenerator/tests/unit/UtilTest.php" line="333" assertions="11" time="0.128340"/>
        <testcase name="test_create_weighted_csv_ヘッダ無しCSVの重み付け" class="UtilTest" file="/home/nicorec/TestDataGenerator/tests/unit/UtilTest.php" line="373" assertions="11" time="0.099600"/>
        <testcase name="test_create_weighted_csv_引数max_recordsの検証" class="UtilTest" file="/home/nicorec/TestDataGenerator/tests/unit/UtilTest.php" line="408" assertions="3" time="0.113010"/>
        <testcase name="test_create_weighted_csv_配列の重み付け" class="UtilTest" file="/home/nicorec/TestDataGenerator/tests/unit/UtilTest.php" line="417" assertions="9" time="0.096157"/>
        <testcase name="test_csv_to_bulk_insert_データ数１０" class="UtilTest" file="/home/nicorec/TestDataGenerator/tests/unit/UtilTest.php" line="451" assertions="5" time="0.085893"/>
        <testcase name="test_csv_to_bulk_insert_データ数１０１０" class="UtilTest" file="/home/nicorec/TestDataGenerator/tests/unit/UtilTest.php" line="466" assertions="6" time="0.670670"/>
        <testcase name="test_csv_to_bulk_insert_テーブル名変更データ数１０１０" class="UtilTest" file="/home/nicorec/TestDataGenerator/tests/unit/UtilTest.php" line="484" assertions="6" time="0.690436"/>
        <testcase name="test_csv_to_bulk_insert_カラム変更データ数１０１０" class="UtilTest" file="/home/nicorec/TestDataGenerator/tests/unit/UtilTest.php" line="502" assertions="6" time="0.596213"/>
        <testcase name="test_csv_to_bulk_insert_ヘッダ無しデータ数１０１０" class="UtilTest" file="/home/nicorec/TestDataGenerator/tests/unit/UtilTest.php" line="521" assertions="6" time="0.675457"/>
        <testcase name="test_csv_to_bulk_insert_NOT_NULLデータ数１０１０" class="UtilTest" file="/home/nicorec/TestDataGenerator/tests/unit/UtilTest.php" line="540" assertions="6" time="0.676840"/>
        <testcase name="test_csv_to_bulk_insert_NULL文字列変更データ数１０１０" class="UtilTest" file="/home/nicorec/TestDataGenerator/tests/unit/UtilTest.php" line="559" assertions="6" time="0.680206"/>
        <testcase name="test_csv_to_bulk_insert_改行文字変更データ数１０１０" class="UtilTest" file="/home/nicorec/TestDataGenerator/tests/unit/UtilTest.php" line="578" assertions="7" time="0.678973"/>
        <testcase name="test_csv_to_bulk_insert_引数divisor１００データ数１０１０" class="UtilTest" file="/home/nicorec/TestDataGenerator/tests/unit/UtilTest.php" line="599" assertions="6" time="0.656195"/>
        <testcase name="test_csv_to_bulk_insert_ユニークカラムありデータ数１０１０" class="UtilTest" file="/home/nicorec/TestDataGenerator/tests/unit/UtilTest.php" line="618" assertions="5" time="0.351059"/>
        <testcase name="test_csv_to_bulk_insert_集計カラムありデータ数１０１０" class="UtilTest" file="/home/nicorec/TestDataGenerator/tests/unit/UtilTest.php" line="634" assertions="6" time="0.800914"/>
        <testcase name="test_csv_to_bulk_insert_前後SQLありデータ数１０１０" class="UtilTest" file="/home/nicorec/TestDataGenerator/tests/unit/UtilTest.php" line="654" assertions="8" time="0.642804"/>
        <testcase name="test_csv_to_bulk_insert_SJISからUTF8に変換データ数１０１０" class="UtilTest" file="/home/nicorec/TestDataGenerator/tests/unit/UtilTest.php" line="677" assertions="6" time="0.736056"/>
        <testcase name="test_csv_to_bulk_insert_引数max_recordsの検証データ数１０１０" class="UtilTest" file="/home/nicorec/TestDataGenerator/tests/unit/UtilTest.php" line="696" assertions="2" time="0.110777"/>
        <testcase name="test_csv_to_bulk_insert_配列でデータ数１０１０" class="UtilTest" file="/home/nicorec/TestDataGenerator/tests/unit/UtilTest.php" line="706" assertions="3" time="0.640344"/>
        <testcase name="test_csv_to_bulk_insert_ヘッダ無し配列でデータ数１０１０" class="UtilTest" file="/home/nicorec/TestDataGenerator/tests/unit/UtilTest.php" line="718" assertions="3" time="0.632806"/>
        <testcase name="test_csv_to_bulk_insert_連想配列でデータ数１０１０" class="UtilTest" file="/home/nicorec/TestDataGenerator/tests/unit/UtilTest.php" line="730" assertions="3" time="0.653385"/>
        <testcase name="test_fputcsv_１レコード書き込み" class="UtilTest" file="/home/nicorec/TestDataGenerator/tests/unit/UtilTest.php" line="742" assertions="3" time="0.088817"/>
        <testcase name="test_fputcsv_非NULL１レコード書き込み" class="UtilTest" file="/home/nicorec/TestDataGenerator/tests/unit/UtilTest.php" line="755" assertions="3" time="0.078851"/>
        <testcase name="test_fputcsv_NULL１レコード書き込み" class="UtilTest" file="/home/nicorec/TestDataGenerator/tests/unit/UtilTest.php" line="768" assertions="3" time="0.078584"/>
        <testcase name="test_fputcsv_UTF8からSJISに変換１レコード書き込み" class="UtilTest" file="/home/nicorec/TestDataGenerator/tests/unit/UtilTest.php" line="781" assertions="3" time="0.075111"/>
        <testcase name="test_println_ASCII文字列" class="UtilTest" file="/home/nicorec/TestDataGenerator/tests/unit/UtilTest.php" line="796" assertions="1" time="0.076272"/>
        <testcase name="test_println_改行コード付きASCII文字列" class="UtilTest" file="/home/nicorec/TestDataGenerator/tests/unit/UtilTest.php" line="802" assertions="1" time="0.075630"/>
        <testcase name="test_println_日本語文字列" class="UtilTest" file="/home/nicorec/TestDataGenerator/tests/unit/UtilTest.php" line="808" assertions="1" time="0.071987"/>
        <testcase name="test_println_改行コード付き日本語文字列" class="UtilTest" file="/home/nicorec/TestDataGenerator/tests/unit/UtilTest.php" line="821" assertions="1" time="0.077921"/>
        <testcase name="test_safely_eval_問題無いコード" class="UtilTest" file="/home/nicorec/TestDataGenerator/tests/unit/UtilTest.php" line="834" assertions="1" time="0.072193"/>
        <testcase name="test_safely_eval_構文エラーなコード" class="UtilTest" file="/home/nicorec/TestDataGenerator/tests/unit/UtilTest.php" line="839" assertions="1" time="0.071933"/>
        <testcase name="test_safely_eval_ホワイトリストに無いトークンを使用したコード" class="UtilTest" file="/home/nicorec/TestDataGenerator/tests/unit/UtilTest.php" line="844" assertions="1" time="0.077726"/>
        <testcase name="test_safely_eval_ホワイトリストに追加したトークンを使用したコード" class="UtilTest" file="/home/nicorec/TestDataGenerator/tests/unit/UtilTest.php" line="849" assertions="1" time="0.074741"/>
        <testcase name="test_safely_eval_ブラックリストに追加したトークンを使用したコード" class="UtilTest" file="/home/nicorec/TestDataGenerator/tests/unit/UtilTest.php" line="854" assertions="1" time="0.075100"/>
        <testcase name="test_safely_eval_必須リストに追加したトークンを使用していないコード" class="UtilTest" file="/home/nicorec/TestDataGenerator/tests/unit/UtilTest.php" line="859" assertions="1" time="0.078902"/>
        <testcase name="test_safely_eval_必須リストに追加したトークンを使用したコード" class="UtilTest" file="/home/nicorec/TestDataGenerator/tests/unit/UtilTest.php" line="863" assertions="1" time="0.085352"/>
      </testsuite>
      <testsuite name="WeightedArrayTest" file="/home/nicorec/TestDataGenerator/tests/unit/WeightedArrayTest.php" tests="2" assertions="15" failures="0" errors="0" time="0.295574">
        <testcase name="test_WeightedArrayの生成とランダム抽出" class="WeightedArrayTest" file="/home/nicorec/TestDataGenerator/tests/unit/WeightedArrayTest.php" line="6" assertions="6" time="0.211666"/>
        <testcase name="test_WeightedArrayの生成とget_array_from_keys" class="WeightedArrayTest" file="/home/nicorec/TestDataGenerator/tests/unit/WeightedArrayTest.php" line="32" assertions="9" time="0.083908"/>
      </testsuite>
      <testsuite name="TDGTest" file="/home/nicorec/TestDataGenerator/tests/functional/TDGTest.php" tests="71" assertions="96533" failures="0" errors="0" time="5288.733096">
        <testcase name="test_default_config" class="TDGTest" file="/home/nicorec/TestDataGenerator/tests/functional/TDGTest.php" line="31" assertions="203" time="0.732077"/>
        <testcase name="test_１からシーケンス番号を生成_json" class="TDGTest" file="/home/nicorec/TestDataGenerator/tests/functional/TDGTest.php" line="51" assertions="204" time="0.559746"/>
        <testcase name="test_１からシーケンス番号を生成_yml" class="TDGTest" file="/home/nicorec/TestDataGenerator/tests/functional/TDGTest.php" line="79" assertions="204" time="0.578171"/>
        <testcase name="test_出力ファイルパスを指定して１からシーケンス番号を生成_json" class="TDGTest" file="/home/nicorec/TestDataGenerator/tests/functional/TDGTest.php" line="107" assertions="204" time="0.561079"/>
        <testcase name="test_出力ファイルパスを指定して１からシーケンス番号を生成_yml" class="TDGTest" file="/home/nicorec/TestDataGenerator/tests/functional/TDGTest.php" line="135" assertions="204" time="0.615005"/>
        <testcase name="test_ヘッダ無しで１からシーケンス番号を生成_json" class="TDGTest" file="/home/nicorec/TestDataGenerator/tests/functional/TDGTest.php" line="163" assertions="203" time="0.544786"/>
        <testcase name="test_ヘッダ無しで１からシーケンス番号を生成_yml" class="TDGTest" file="/home/nicorec/TestDataGenerator/tests/functional/TDGTest.php" line="186" assertions="203" time="0.564016"/>
        <testcase name="test_データの標準出力ありで１からシーケンス番号を生成_json" class="TDGTest" file="/home/nicorec/TestDataGenerator/tests/functional/TDGTest.php" line="209" assertions="205" time="0.616189"/>
        <testcase name="test_データの標準出力ありで１からシーケンス番号を生成_yml" class="TDGTest" file="/home/nicorec/TestDataGenerator/tests/functional/TDGTest.php" line="238" assertions="206" time="0.929583"/>
        <testcase name="test_改行コードCRLFで１からシーケンス番号を生成_json" class="TDGTest" file="/home/nicorec/TestDataGenerator/tests/functional/TDGTest.php" line="270" assertions="204" time="0.572688"/>
        <testcase name="test_改行コードCRLFで１からシーケンス番号を生成_yml" class="TDGTest" file="/home/nicorec/TestDataGenerator/tests/functional/TDGTest.php" line="298" assertions="204" time="0.589520"/>
        <testcase name="test_１０００からシーケンス番号を生成_json" class="TDGTest" file="/home/nicorec/TestDataGenerator/tests/functional/TDGTest.php" line="326" assertions="204" time="0.563239"/>
        <testcase name="test_１０００からシーケンス番号を生成_yml" class="TDGTest" file="/home/nicorec/TestDataGenerator/tests/functional/TDGTest.php" line="354" assertions="204" time="0.612790"/>
        <testcase name="test_４桁数値を生成_json" class="TDGTest" file="/home/nicorec/TestDataGenerator/tests/functional/TDGTest.php" line="382" assertions="604" time="1.400834"/>
        <testcase name="test_４桁数値を生成_yml" class="TDGTest" file="/home/nicorec/TestDataGenerator/tests/functional/TDGTest.php" line="412" assertions="604" time="1.335770"/>
        <testcase name="test_間隔５の４桁数値を生成_json" class="TDGTest" file="/home/nicorec/TestDataGenerator/tests/functional/TDGTest.php" line="442" assertions="704" time="1.355591"/>
        <testcase name="test_間隔５の４桁数値を生成_yml" class="TDGTest" file="/home/nicorec/TestDataGenerator/tests/functional/TDGTest.php" line="473" assertions="704" time="1.404627"/>
        <testcase name="test_間隔０．５の４桁数値を生成_json" class="TDGTest" file="/home/nicorec/TestDataGenerator/tests/functional/TDGTest.php" line="504" assertions="604" time="1.194450"/>
        <testcase name="test_間隔０．５の４桁数値を生成_yml" class="TDGTest" file="/home/nicorec/TestDataGenerator/tests/functional/TDGTest.php" line="534" assertions="604" time="1.221533"/>
        <testcase name="test_１００漸増で９フィールドに３桁数値を生成_json" class="TDGTest" file="/home/nicorec/TestDataGenerator/tests/functional/TDGTest.php" line="564" assertions="4604" time="9.502023"/>
        <testcase name="test_１００漸増で９フィールドに３桁数値を生成_yml" class="TDGTest" file="/home/nicorec/TestDataGenerator/tests/functional/TDGTest.php" line="598" assertions="4604" time="9.510370"/>
        <testcase name="test_高頻度で３桁数値・低頻度で４桁数値を生成_json" class="TDGTest" file="/home/nicorec/TestDataGenerator/tests/functional/TDGTest.php" line="632" assertions="106" time="0.431506"/>
        <testcase name="test_高頻度で３桁数値・低頻度で４桁数値を生成_yml" class="TDGTest" file="/home/nicorec/TestDataGenerator/tests/functional/TDGTest.php" line="671" assertions="106" time="0.486655"/>
        <testcase name="test_現在の日時を生成_json" class="TDGTest" file="/home/nicorec/TestDataGenerator/tests/functional/TDGTest.php" line="710" assertions="504" time="0.707381"/>
        <testcase name="test_現在の日時を生成_yml" class="TDGTest" file="/home/nicorec/TestDataGenerator/tests/functional/TDGTest.php" line="744" assertions="504" time="0.738673"/>
        <testcase name="test_２０１０～２０１５年の日時を生成_json" class="TDGTest" file="/home/nicorec/TestDataGenerator/tests/functional/TDGTest.php" line="775" assertions="604" time="1.276440"/>
        <testcase name="test_２０１０～２０１５年の日時を生成_yml" class="TDGTest" file="/home/nicorec/TestDataGenerator/tests/functional/TDGTest.php" line="805" assertions="604" time="1.290779"/>
        <testcase name="test_マイクロ秒単位で２０１０～２０１５年の日時を生成_json" class="TDGTest" file="/home/nicorec/TestDataGenerator/tests/functional/TDGTest.php" line="835" assertions="604" time="1.033789"/>
        <testcase name="test_マイクロ秒単位で２０１０～２０１５年の日時を生成_yml" class="TDGTest" file="/home/nicorec/TestDataGenerator/tests/functional/TDGTest.php" line="865" assertions="604" time="1.109564"/>
        <testcase name="test_高頻度で２０１０～２０１２年・低頻度で２０１３～２０１５年の日時を生成_json" class="TDGTest" file="/home/nicorec/TestDataGenerator/tests/functional/TDGTest.php" line="895" assertions="206" time="0.542403"/>
        <testcase name="test_高頻度で２０１０～２０１２年・低頻度で２０１３～２０１５年の日時を生成_yml" class="TDGTest" file="/home/nicorec/TestDataGenerator/tests/functional/TDGTest.php" line="937" assertions="205" time="0.591798"/>
        <testcase name="test_マイクロ秒単位で高頻度で２０１０～２０１２年・低頻度で２０１３～２０１５年の日時を生成_json" class="TDGTest" file="/home/nicorec/TestDataGenerator/tests/functional/TDGTest.php" line="978" assertions="206" time="0.561273"/>
        <testcase name="test_マイクロ秒単位で高頻度で２０１０～２０１２年・低頻度で２０１３～２０１５年の日時を生成_yml" class="TDGTest" file="/home/nicorec/TestDataGenerator/tests/functional/TDGTest.php" line="1020" assertions="206" time="0.610185"/>
        <testcase name="test_現在のタイムスタンプを生成_json" class="TDGTest" file="/home/nicorec/TestDataGenerator/tests/functional/TDGTest.php" line="1062" assertions="604" time="1.008239"/>
        <testcase name="test_現在のタイムスタンプを生成_yml" class="TDGTest" file="/home/nicorec/TestDataGenerator/tests/functional/TDGTest.php" line="1094" assertions="604" time="1.063201"/>
        <testcase name="test_２０１０～２０１５年のタイムスタンプを生成_json" class="TDGTest" file="/home/nicorec/TestDataGenerator/tests/functional/TDGTest.php" line="1126" assertions="604" time="1.222455"/>
        <testcase name="test_２０１０～２０１５年のタイムスタンプを生成_yml" class="TDGTest" file="/home/nicorec/TestDataGenerator/tests/functional/TDGTest.php" line="1156" assertions="604" time="1.259414"/>
        <testcase name="test_マイクロ秒単位で２０１０～２０１５年のタイムスタンプを生成_json" class="TDGTest" file="/home/nicorec/TestDataGenerator/tests/functional/TDGTest.php" line="1186" assertions="604" time="1.285337"/>
        <testcase name="test_マイクロ秒単位で２０１０～２０１５年のタイムスタンプを生成_yml" class="TDGTest" file="/home/nicorec/TestDataGenerator/tests/functional/TDGTest.php" line="1216" assertions="604" time="1.301107"/>
        <testcase name="test_高頻度で２０１０～２０１２年・低頻度で２０１３～２０１５年のタイムスタンプを生成_json" class="TDGTest" file="/home/nicorec/TestDataGenerator/tests/functional/TDGTest.php" line="1246" assertions="206" time="0.508578"/>
        <testcase name="test_高頻度で２０１０～２０１２年・低頻度で２０１３～２０１５年のタイムスタンプを生成_yml" class="TDGTest" file="/home/nicorec/TestDataGenerator/tests/functional/TDGTest.php" line="1288" assertions="206" time="0.591231"/>
        <testcase name="test_マイクロ秒単位で高頻度で２０１０～２０１２年・低頻度で２０１３～２０１５年のタイムスタンプを生成_json" class="TDGTest" file="/home/nicorec/TestDataGenerator/tests/functional/TDGTest.php" line="1330" assertions="206" time="0.577940"/>
        <testcase name="test_マイクロ秒単位で高頻度で２０１０～２０１２年・低頻度で２０１３～２０１５年のタイムスタンプを生成_yml" class="TDGTest" file="/home/nicorec/TestDataGenerator/tests/functional/TDGTest.php" line="1372" assertions="206" time="0.603558"/>
        <testcase name="test_パターンクラスを使い携帯電話番号を生成_json" class="TDGTest" file="/home/nicorec/TestDataGenerator/tests/functional/TDGTest.php" line="1414" assertions="204" time="0.641967"/>
        <testcase name="test_パターンクラスを使い携帯電話番号を生成_yml" class="TDGTest" file="/home/nicorec/TestDataGenerator/tests/functional/TDGTest.php" line="1442" assertions="204" time="0.676278"/>
        <testcase name="test_ドル記号ありでパターンクラスを使い携帯電話番号を生成_json" class="TDGTest" file="/home/nicorec/TestDataGenerator/tests/functional/TDGTest.php" line="1470" assertions="204" time="0.645076"/>
        <testcase name="test_ドル記号ありでパターンクラスを使い携帯電話番号を生成_yml" class="TDGTest" file="/home/nicorec/TestDataGenerator/tests/functional/TDGTest.php" line="1498" assertions="204" time="0.665434"/>
        <testcase name="test_重み付けありパターンから生成_json" class="TDGTest" file="/home/nicorec/TestDataGenerator/tests/functional/TDGTest.php" line="1526" assertions="107" time="0.454107"/>
        <testcase name="test_重み付けありパターンから生成_yml" class="TDGTest" file="/home/nicorec/TestDataGenerator/tests/functional/TDGTest.php" line="1571" assertions="107" time="0.531165"/>
        <testcase name="test_文字数指定重み付けありパターンから生成_json" class="TDGTest" file="/home/nicorec/TestDataGenerator/tests/functional/TDGTest.php" line="1616" assertions="207" time="0.693756"/>
        <testcase name="test_文字数指定重み付けありパターンから生成_yml" class="TDGTest" file="/home/nicorec/TestDataGenerator/tests/functional/TDGTest.php" line="1665" assertions="207" time="0.758824"/>
        <testcase name="test_指定した合計文字数と各パターンの文字数で各パターンの文字から生成_json" class="TDGTest" file="/home/nicorec/TestDataGenerator/tests/functional/TDGTest.php" line="1714" assertions="204" time="0.793483"/>
        <testcase name="test_指定した合計文字数と各パターンの文字数で各パターンの文字から生成_yml" class="TDGTest" file="/home/nicorec/TestDataGenerator/tests/functional/TDGTest.php" line="1742" assertions="204" time="0.854310"/>
        <testcase name="test_指定した範囲の合計文字数と各パターンの文字数で各パターンの文字から生成_json" class="TDGTest" file="/home/nicorec/TestDataGenerator/tests/functional/TDGTest.php" line="1770" assertions="204" time="1.132716"/>
        <testcase name="test_指定した範囲の合計文字数と各パターンの文字数で各パターンの文字から生成_yml" class="TDGTest" file="/home/nicorec/TestDataGenerator/tests/functional/TDGTest.php" line="1798" assertions="204" time="1.353311"/>
        <testcase name="test_前処理と後処理のみ実行_json" class="TDGTest" file="/home/nicorec/TestDataGenerator/tests/functional/TDGTest.php" line="1826" assertions="3" time="99.921020"/>
        <testcase name="test_前処理と後処理のみ実行_yml" class="TDGTest" file="/home/nicorec/TestDataGenerator/tests/functional/TDGTest.php" line="1863" assertions="3" time="99.729335"/>
        <testcase name="test_テーブル削除ありでDBより郵便番号を生成_json" class="TDGTest" file="/home/nicorec/TestDataGenerator/tests/functional/TDGTest.php" line="1900" assertions="4006" time="817.161748"/>
        <testcase name="test_テーブル削除ありでDBより郵便番号を生成_yml" class="TDGTest" file="/home/nicorec/TestDataGenerator/tests/functional/TDGTest.php" line="1950" assertions="4006" time="818.537205"/>
        <testcase name="test_テーブル削除無しでDBより郵便番号を生成_json" class="TDGTest" file="/home/nicorec/TestDataGenerator/tests/functional/TDGTest.php" line="2000" assertions="4006" time="815.187790"/>
        <testcase name="test_テーブル削除無しでDBより郵便番号を生成_yml" class="TDGTest" file="/home/nicorec/TestDataGenerator/tests/functional/TDGTest.php" line="2050" assertions="4006" time="806.694433"/>
        <testcase name="test_先頭にパターンを付けてDBより郵便番号を生成_json" class="TDGTest" file="/home/nicorec/TestDataGenerator/tests/functional/TDGTest.php" line="2104" assertions="204" time="0.661004"/>
        <testcase name="test_先頭にパターンを付けてDBより郵便番号を生成_yml" class="TDGTest" file="/home/nicorec/TestDataGenerator/tests/functional/TDGTest.php" line="2136" assertions="204" time="0.689694"/>
        <testcase name="test_末尾にパターンを付けてDBより郵便番号を生成_json" class="TDGTest" file="/home/nicorec/TestDataGenerator/tests/functional/TDGTest.php" line="2168" assertions="204" time="0.617982"/>
        <testcase name="test_末尾にパターンを付けてDBより郵便番号を生成_yml" class="TDGTest" file="/home/nicorec/TestDataGenerator/tests/functional/TDGTest.php" line="2200" assertions="204" time="0.661203"/>
        <testcase name="test_先頭に重み付けありのパターンを付けてDBより郵便番号を生成_json" class="TDGTest" file="/home/nicorec/TestDataGenerator/tests/functional/TDGTest.php" line="2232" assertions="207" time="0.618201"/>
        <testcase name="test_先頭に重み付けありのパターンを付けてDBより郵便番号を生成_yml" class="TDGTest" file="/home/nicorec/TestDataGenerator/tests/functional/TDGTest.php" line="2282" assertions="207" time="0.692532"/>
        <testcase name="test_１からシーケンス番号・アンダースコア・DBより郵便番号を生成_json" class="TDGTest" file="/home/nicorec/TestDataGenerator/tests/functional/TDGTest.php" line="2332" assertions="204" time="0.617580"/>
        <testcase name="test_１からシーケンス番号・アンダースコア・DBより郵便番号を生成_yml" class="TDGTest" file="/home/nicorec/TestDataGenerator/tests/functional/TDGTest.php" line="2364" assertions="204" time="0.680066"/>
        <testcase name="test_実際の利用を想定したユーザーテーブルデータの生成_json" class="TDGTest" file="/home/nicorec/TestDataGenerator/tests/functional/TDGTest.php" line="2395" assertions="26007" time="870.275371"/>
        <testcase name="test_実際の利用を想定したユーザーテーブルデータの生成_yml" class="TDGTest" file="/home/nicorec/TestDataGenerator/tests/functional/TDGTest.php" line="2479" assertions="26007" time="893.021913"/>
      </testsuite>
    </testsuite>
  </testsuite>
</testsuites>
