<?xml version="1.0" encoding="UTF-8"?>
<testsuites>
  <testsuite name="" tests="146" assertions="96732" failures="0" errors="0" time="5260.749928">
    <testsuite name="all" tests="146" assertions="96732" failures="0" errors="0" time="5260.749928">
      <testsuite name="UtilTest" file="/home/nicorec/TestDataGenerator/tests/unit/UtilTest.php" tests="75" assertions="190" failures="0" errors="0" time="14.511979">
        <testcase name="test_is_numeric_uint_intの正の整数" class="UtilTest" file="/home/nicorec/TestDataGenerator/tests/unit/UtilTest.php" line="6" assertions="1" time="0.069640"/>
        <testcase name="test_is_numeric_uint_intのゼロ" class="UtilTest" file="/home/nicorec/TestDataGenerator/tests/unit/UtilTest.php" line="11" assertions="1" time="0.065029"/>
        <testcase name="test_is_numeric_uint_stringの正の整数" class="UtilTest" file="/home/nicorec/TestDataGenerator/tests/unit/UtilTest.php" line="16" assertions="1" time="0.062946"/>
        <testcase name="test_is_numeric_uint_stringのゼロ" class="UtilTest" file="/home/nicorec/TestDataGenerator/tests/unit/UtilTest.php" line="21" assertions="1" time="0.070962"/>
        <testcase name="test_is_numeric_uint_intの負の整数" class="UtilTest" file="/home/nicorec/TestDataGenerator/tests/unit/UtilTest.php" line="26" assertions="1" time="0.065586"/>
        <testcase name="test_is_numeric_uint_stringの負の整数" class="UtilTest" file="/home/nicorec/TestDataGenerator/tests/unit/UtilTest.php" line="31" assertions="1" time="0.067218"/>
        <testcase name="test_is_numeric_uint_floatの正の浮動小数点数" class="UtilTest" file="/home/nicorec/TestDataGenerator/tests/unit/UtilTest.php" line="36" assertions="1" time="0.061251"/>
        <testcase name="test_is_numeric_uint_NAN" class="UtilTest" file="/home/nicorec/TestDataGenerator/tests/unit/UtilTest.php" line="41" assertions="1" time="0.061239"/>
        <testcase name="test_is_numeric_uint_NULL" class="UtilTest" file="/home/nicorec/TestDataGenerator/tests/unit/UtilTest.php" line="46" assertions="1" time="0.064657"/>
        <testcase name="test_is_numeric_uint_配列" class="UtilTest" file="/home/nicorec/TestDataGenerator/tests/unit/UtilTest.php" line="51" assertions="1" time="0.062880"/>
        <testcase name="test_array_depth_空の配列" class="UtilTest" file="/home/nicorec/TestDataGenerator/tests/unit/UtilTest.php" line="56" assertions="1" time="0.061882"/>
        <testcase name="test_array_depth_１次元の配列" class="UtilTest" file="/home/nicorec/TestDataGenerator/tests/unit/UtilTest.php" line="61" assertions="1" time="0.061268"/>
        <testcase name="test_array_depth_２次元の配列" class="UtilTest" file="/home/nicorec/TestDataGenerator/tests/unit/UtilTest.php" line="68" assertions="1" time="0.071715"/>
        <testcase name="test_array_depth_オブジェクト" class="UtilTest" file="/home/nicorec/TestDataGenerator/tests/unit/UtilTest.php" line="77" assertions="1" time="0.074005"/>
        <testcase name="test_s_to_hms_小数で1時間以上" class="UtilTest" file="/home/nicorec/TestDataGenerator/tests/unit/UtilTest.php" line="82" assertions="1" time="0.065786"/>
        <testcase name="test_s_to_hms_1時間以上" class="UtilTest" file="/home/nicorec/TestDataGenerator/tests/unit/UtilTest.php" line="87" assertions="1" time="0.064013"/>
        <testcase name="test_s_to_hms_1時間" class="UtilTest" file="/home/nicorec/TestDataGenerator/tests/unit/UtilTest.php" line="92" assertions="1" time="0.063839"/>
        <testcase name="test_s_to_hms_1分以上" class="UtilTest" file="/home/nicorec/TestDataGenerator/tests/unit/UtilTest.php" line="97" assertions="1" time="0.063868"/>
        <testcase name="test_s_to_hms_1分" class="UtilTest" file="/home/nicorec/TestDataGenerator/tests/unit/UtilTest.php" line="102" assertions="1" time="0.065443"/>
        <testcase name="test_s_to_hms_1分未満" class="UtilTest" file="/home/nicorec/TestDataGenerator/tests/unit/UtilTest.php" line="107" assertions="1" time="0.063330"/>
        <testcase name="test_s_to_hms_1秒未満" class="UtilTest" file="/home/nicorec/TestDataGenerator/tests/unit/UtilTest.php" line="112" assertions="1" time="0.063037"/>
        <testcase name="test_s_to_hms_数値以外" class="UtilTest" file="/home/nicorec/TestDataGenerator/tests/unit/UtilTest.php" line="117" assertions="1" time="0.068904"/>
        <testcase name="test_s_to_hms_負数" class="UtilTest" file="/home/nicorec/TestDataGenerator/tests/unit/UtilTest.php" line="122" assertions="1" time="0.068274"/>
        <testcase name="test_json_last_error_msg_正常なJSONをデコード" class="UtilTest" file="/home/nicorec/TestDataGenerator/tests/unit/UtilTest.php" line="127" assertions="1" time="0.066355"/>
        <testcase name="test_json_last_error_msg_構文エラーなJSONをデコード" class="UtilTest" file="/home/nicorec/TestDataGenerator/tests/unit/UtilTest.php" line="133" assertions="1" time="0.065882"/>
        <testcase name="test_json_last_error_msg_NANを含む配列をJSONにエンコード" class="UtilTest" file="/home/nicorec/TestDataGenerator/tests/unit/UtilTest.php" line="139" assertions="1" time="0.065285"/>
        <testcase name="test_json_encode_JSONにエンコード可能な連想配列" class="UtilTest" file="/home/nicorec/TestDataGenerator/tests/unit/UtilTest.php" line="152" assertions="1" time="0.065052"/>
        <testcase name="test_json_encode_スカラ値の一種である文字列" class="UtilTest" file="/home/nicorec/TestDataGenerator/tests/unit/UtilTest.php" line="157" assertions="1" time="0.064443"/>
        <testcase name="test_json_encode_NANとINFを含む配列" class="UtilTest" file="/home/nicorec/TestDataGenerator/tests/unit/UtilTest.php" line="162" assertions="1" time="0.064348"/>
        <testcase name="test_json_decode_正常なJSON" class="UtilTest" file="/home/nicorec/TestDataGenerator/tests/unit/UtilTest.php" line="167" assertions="1" time="0.068061"/>
        <testcase name="test_json_decode_構文エラーなJSON" class="UtilTest" file="/home/nicorec/TestDataGenerator/tests/unit/UtilTest.php" line="172" assertions="1" time="0.069458"/>
        <testcase name="test_normalize_charset_Shift_JISをSJISに変換" class="UtilTest" file="/home/nicorec/TestDataGenerator/tests/unit/UtilTest.php" line="177" assertions="1" time="0.065352"/>
        <testcase name="test_normalize_charset_MySQL用にをUTF8に変換" class="UtilTest" file="/home/nicorec/TestDataGenerator/tests/unit/UtilTest.php" line="182" assertions="1" time="0.071182"/>
        <testcase name="test_check_ext_拡張子csv" class="UtilTest" file="/home/nicorec/TestDataGenerator/tests/unit/UtilTest.php" line="187" assertions="1" time="0.067610"/>
        <testcase name="test_check_ext_拡張子はないがファイル名末尾が拡張子と同じ" class="UtilTest" file="/home/nicorec/TestDataGenerator/tests/unit/UtilTest.php" line="193" assertions="1" time="0.068977"/>
        <testcase name="test_get_data_by_json_file_存在するJSONファイルパス" class="UtilTest" file="/home/nicorec/TestDataGenerator/tests/unit/UtilTest.php" line="199" assertions="2" time="0.068535"/>
        <testcase name="test_get_data_by_json_file_存在しないJSONファイルパス" class="UtilTest" file="/home/nicorec/TestDataGenerator/tests/unit/UtilTest.php" line="209" assertions="2" time="0.070061"/>
        <testcase name="test_get_data_by_yml_file_存在するYMLファイルパス" class="UtilTest" file="/home/nicorec/TestDataGenerator/tests/unit/UtilTest.php" line="216" assertions="2" time="0.090274"/>
        <testcase name="test_get_data_by_yml_file_存在しないYMLファイルパス" class="UtilTest" file="/home/nicorec/TestDataGenerator/tests/unit/UtilTest.php" line="226" assertions="2" time="0.069831"/>
        <testcase name="test_create_weighted_csv_ヘッダありCSVの重み付け" class="UtilTest" file="/home/nicorec/TestDataGenerator/tests/unit/UtilTest.php" line="233" assertions="11" time="0.113118"/>
        <testcase name="test_create_weighted_csv_ヘッダ無しCSVの重み付け" class="UtilTest" file="/home/nicorec/TestDataGenerator/tests/unit/UtilTest.php" line="273" assertions="11" time="0.112012"/>
        <testcase name="test_create_weighted_csv_引数max_recordsの検証" class="UtilTest" file="/home/nicorec/TestDataGenerator/tests/unit/UtilTest.php" line="308" assertions="3" time="0.162874"/>
        <testcase name="test_create_weighted_csv_配列の重み付け" class="UtilTest" file="/home/nicorec/TestDataGenerator/tests/unit/UtilTest.php" line="317" assertions="9" time="0.102032"/>
        <testcase name="test_csv_to_bulk_insert_データ数１０" class="UtilTest" file="/home/nicorec/TestDataGenerator/tests/unit/UtilTest.php" line="351" assertions="5" time="0.084023"/>
        <testcase name="test_csv_to_bulk_insert_データ数１０１０" class="UtilTest" file="/home/nicorec/TestDataGenerator/tests/unit/UtilTest.php" line="366" assertions="6" time="0.678779"/>
        <testcase name="test_csv_to_bulk_insert_テーブル名変更データ数１０１０" class="UtilTest" file="/home/nicorec/TestDataGenerator/tests/unit/UtilTest.php" line="384" assertions="6" time="0.673364"/>
        <testcase name="test_csv_to_bulk_insert_カラム変更データ数１０１０" class="UtilTest" file="/home/nicorec/TestDataGenerator/tests/unit/UtilTest.php" line="402" assertions="6" time="0.613845"/>
        <testcase name="test_csv_to_bulk_insert_ヘッダ無しデータ数１０１０" class="UtilTest" file="/home/nicorec/TestDataGenerator/tests/unit/UtilTest.php" line="421" assertions="6" time="0.733881"/>
        <testcase name="test_csv_to_bulk_insert_NOT_NULLデータ数１０１０" class="UtilTest" file="/home/nicorec/TestDataGenerator/tests/unit/UtilTest.php" line="440" assertions="6" time="0.692398"/>
        <testcase name="test_csv_to_bulk_insert_NULL文字列変更データ数１０１０" class="UtilTest" file="/home/nicorec/TestDataGenerator/tests/unit/UtilTest.php" line="459" assertions="6" time="0.689948"/>
        <testcase name="test_csv_to_bulk_insert_改行文字変更データ数１０１０" class="UtilTest" file="/home/nicorec/TestDataGenerator/tests/unit/UtilTest.php" line="478" assertions="7" time="0.690488"/>
        <testcase name="test_csv_to_bulk_insert_引数divisor１００データ数１０１０" class="UtilTest" file="/home/nicorec/TestDataGenerator/tests/unit/UtilTest.php" line="499" assertions="6" time="0.684413"/>
        <testcase name="test_csv_to_bulk_insert_ユニークカラムありデータ数１０１０" class="UtilTest" file="/home/nicorec/TestDataGenerator/tests/unit/UtilTest.php" line="518" assertions="5" time="0.376643"/>
        <testcase name="test_csv_to_bulk_insert_集計カラムありデータ数１０１０" class="UtilTest" file="/home/nicorec/TestDataGenerator/tests/unit/UtilTest.php" line="534" assertions="6" time="0.810281"/>
        <testcase name="test_csv_to_bulk_insert_前後SQLありデータ数１０１０" class="UtilTest" file="/home/nicorec/TestDataGenerator/tests/unit/UtilTest.php" line="554" assertions="8" time="0.741921"/>
        <testcase name="test_csv_to_bulk_insert_SJISからUTF8に変換データ数１０１０" class="UtilTest" file="/home/nicorec/TestDataGenerator/tests/unit/UtilTest.php" line="577" assertions="6" time="0.731139"/>
        <testcase name="test_csv_to_bulk_insert_引数max_recordsの検証データ数１０１０" class="UtilTest" file="/home/nicorec/TestDataGenerator/tests/unit/UtilTest.php" line="596" assertions="2" time="0.110307"/>
        <testcase name="test_csv_to_bulk_insert_配列でデータ数１０１０" class="UtilTest" file="/home/nicorec/TestDataGenerator/tests/unit/UtilTest.php" line="606" assertions="3" time="0.688262"/>
        <testcase name="test_csv_to_bulk_insert_ヘッダ無し配列でデータ数１０１０" class="UtilTest" file="/home/nicorec/TestDataGenerator/tests/unit/UtilTest.php" line="618" assertions="3" time="0.680897"/>
        <testcase name="test_csv_to_bulk_insert_連想配列でデータ数１０１０" class="UtilTest" file="/home/nicorec/TestDataGenerator/tests/unit/UtilTest.php" line="630" assertions="3" time="0.616874"/>
        <testcase name="test_fputcsv_１レコード書き込み" class="UtilTest" file="/home/nicorec/TestDataGenerator/tests/unit/UtilTest.php" line="642" assertions="3" time="0.080600"/>
        <testcase name="test_fputcsv_非NULL１レコード書き込み" class="UtilTest" file="/home/nicorec/TestDataGenerator/tests/unit/UtilTest.php" line="655" assertions="3" time="0.070275"/>
        <testcase name="test_fputcsv_NULL１レコード書き込み" class="UtilTest" file="/home/nicorec/TestDataGenerator/tests/unit/UtilTest.php" line="668" assertions="3" time="0.076538"/>
        <testcase name="test_fputcsv_UTF8からSJISに変換１レコード書き込み" class="UtilTest" file="/home/nicorec/TestDataGenerator/tests/unit/UtilTest.php" line="681" assertions="3" time="0.075987"/>
        <testcase name="test_println_ASCII文字列" class="UtilTest" file="/home/nicorec/TestDataGenerator/tests/unit/UtilTest.php" line="696" assertions="1" time="0.076118"/>
        <testcase name="test_println_改行コード付きASCII文字列" class="UtilTest" file="/home/nicorec/TestDataGenerator/tests/unit/UtilTest.php" line="702" assertions="1" time="0.071790"/>
        <testcase name="test_println_日本語文字列" class="UtilTest" file="/home/nicorec/TestDataGenerator/tests/unit/UtilTest.php" line="708" assertions="1" time="0.078118"/>
        <testcase name="test_println_改行コード付き日本語文字列" class="UtilTest" file="/home/nicorec/TestDataGenerator/tests/unit/UtilTest.php" line="721" assertions="1" time="0.073688"/>
        <testcase name="test_safely_eval_問題無いコード" class="UtilTest" file="/home/nicorec/TestDataGenerator/tests/unit/UtilTest.php" line="734" assertions="1" time="0.072800"/>
        <testcase name="test_safely_eval_構文エラーなコード" class="UtilTest" file="/home/nicorec/TestDataGenerator/tests/unit/UtilTest.php" line="739" assertions="1" time="0.073423"/>
        <testcase name="test_safely_eval_ホワイトリストに無いトークンを使用したコード" class="UtilTest" file="/home/nicorec/TestDataGenerator/tests/unit/UtilTest.php" line="744" assertions="1" time="0.075742"/>
        <testcase name="test_safely_eval_ホワイトリストに追加したトークンを使用したコード" class="UtilTest" file="/home/nicorec/TestDataGenerator/tests/unit/UtilTest.php" line="749" assertions="1" time="0.076955"/>
        <testcase name="test_safely_eval_ブラックリストに追加したトークンを使用したコード" class="UtilTest" file="/home/nicorec/TestDataGenerator/tests/unit/UtilTest.php" line="754" assertions="1" time="0.073204"/>
        <testcase name="test_safely_eval_必須リストに追加したトークンを使用していないコード" class="UtilTest" file="/home/nicorec/TestDataGenerator/tests/unit/UtilTest.php" line="759" assertions="1" time="0.072612"/>
        <testcase name="test_safely_eval_必須リストに追加したトークンを使用したコード" class="UtilTest" file="/home/nicorec/TestDataGenerator/tests/unit/UtilTest.php" line="763" assertions="1" time="0.069152"/>
      </testsuite>
      <testsuite name="WeightedArrayTest" file="/home/nicorec/TestDataGenerator/tests/unit/WeightedArrayTest.php" tests="2" assertions="15" failures="0" errors="0" time="0.305014">
        <testcase name="test_WeightedArrayの生成とランダム抽出" class="WeightedArrayTest" file="/home/nicorec/TestDataGenerator/tests/unit/WeightedArrayTest.php" line="6" assertions="6" time="0.220804"/>
        <testcase name="test_WeightedArrayの生成とget_array_from_keys" class="WeightedArrayTest" file="/home/nicorec/TestDataGenerator/tests/unit/WeightedArrayTest.php" line="32" assertions="9" time="0.084210"/>
      </testsuite>
      <testsuite name="TDGTest" file="/home/nicorec/TestDataGenerator/tests/functional/TDGTest.php" tests="69" assertions="96527" failures="0" errors="0" time="5245.932935">
        <testcase name="test_default_config" class="TDGTest" file="/home/nicorec/TestDataGenerator/tests/functional/TDGTest.php" line="31" assertions="203" time="0.661139"/>
        <testcase name="test_１からシーケンス番号を生成_json" class="TDGTest" file="/home/nicorec/TestDataGenerator/tests/functional/TDGTest.php" line="51" assertions="204" time="0.579678"/>
        <testcase name="test_１からシーケンス番号を生成_yml" class="TDGTest" file="/home/nicorec/TestDataGenerator/tests/functional/TDGTest.php" line="79" assertions="204" time="0.613106"/>
        <testcase name="test_出力ファイルパスを指定して１からシーケンス番号を生成_json" class="TDGTest" file="/home/nicorec/TestDataGenerator/tests/functional/TDGTest.php" line="107" assertions="204" time="0.586062"/>
        <testcase name="test_出力ファイルパスを指定して１からシーケンス番号を生成_yml" class="TDGTest" file="/home/nicorec/TestDataGenerator/tests/functional/TDGTest.php" line="135" assertions="204" time="0.587587"/>
        <testcase name="test_ヘッダ無しで１からシーケンス番号を生成_json" class="TDGTest" file="/home/nicorec/TestDataGenerator/tests/functional/TDGTest.php" line="163" assertions="203" time="0.585108"/>
        <testcase name="test_ヘッダ無しで１からシーケンス番号を生成_yml" class="TDGTest" file="/home/nicorec/TestDataGenerator/tests/functional/TDGTest.php" line="186" assertions="203" time="0.602355"/>
        <testcase name="test_データの標準出力ありで１からシーケンス番号を生成_json" class="TDGTest" file="/home/nicorec/TestDataGenerator/tests/functional/TDGTest.php" line="209" assertions="205" time="0.623862"/>
        <testcase name="test_データの標準出力ありで１からシーケンス番号を生成_yml" class="TDGTest" file="/home/nicorec/TestDataGenerator/tests/functional/TDGTest.php" line="238" assertions="206" time="0.909780"/>
        <testcase name="test_改行コードCRLFで１からシーケンス番号を生成_json" class="TDGTest" file="/home/nicorec/TestDataGenerator/tests/functional/TDGTest.php" line="270" assertions="204" time="0.567025"/>
        <testcase name="test_改行コードCRLFで１からシーケンス番号を生成_yml" class="TDGTest" file="/home/nicorec/TestDataGenerator/tests/functional/TDGTest.php" line="298" assertions="204" time="0.588450"/>
        <testcase name="test_１０００からシーケンス番号を生成_json" class="TDGTest" file="/home/nicorec/TestDataGenerator/tests/functional/TDGTest.php" line="326" assertions="204" time="0.556555"/>
        <testcase name="test_１０００からシーケンス番号を生成_yml" class="TDGTest" file="/home/nicorec/TestDataGenerator/tests/functional/TDGTest.php" line="354" assertions="204" time="0.581301"/>
        <testcase name="test_４桁数値を生成_json" class="TDGTest" file="/home/nicorec/TestDataGenerator/tests/functional/TDGTest.php" line="382" assertions="604" time="1.315875"/>
        <testcase name="test_４桁数値を生成_yml" class="TDGTest" file="/home/nicorec/TestDataGenerator/tests/functional/TDGTest.php" line="412" assertions="604" time="1.321418"/>
        <testcase name="test_間隔５の４桁数値を生成_json" class="TDGTest" file="/home/nicorec/TestDataGenerator/tests/functional/TDGTest.php" line="442" assertions="704" time="1.349532"/>
        <testcase name="test_間隔５の４桁数値を生成_yml" class="TDGTest" file="/home/nicorec/TestDataGenerator/tests/functional/TDGTest.php" line="473" assertions="704" time="1.455205"/>
        <testcase name="test_間隔０．５の４桁数値を生成_json" class="TDGTest" file="/home/nicorec/TestDataGenerator/tests/functional/TDGTest.php" line="504" assertions="604" time="1.204486"/>
        <testcase name="test_間隔０．５の４桁数値を生成_yml" class="TDGTest" file="/home/nicorec/TestDataGenerator/tests/functional/TDGTest.php" line="534" assertions="604" time="1.190605"/>
        <testcase name="test_１００漸増で９フィールドに３桁数値を生成_json" class="TDGTest" file="/home/nicorec/TestDataGenerator/tests/functional/TDGTest.php" line="564" assertions="4604" time="9.101496"/>
        <testcase name="test_１００漸増で９フィールドに３桁数値を生成_yml" class="TDGTest" file="/home/nicorec/TestDataGenerator/tests/functional/TDGTest.php" line="598" assertions="4604" time="9.369936"/>
        <testcase name="test_高頻度で３桁数値・低頻度で４桁数値を生成_json" class="TDGTest" file="/home/nicorec/TestDataGenerator/tests/functional/TDGTest.php" line="632" assertions="106" time="0.436820"/>
        <testcase name="test_高頻度で３桁数値・低頻度で４桁数値を生成_yml" class="TDGTest" file="/home/nicorec/TestDataGenerator/tests/functional/TDGTest.php" line="671" assertions="106" time="0.485934"/>
        <testcase name="test_現在の日時を生成_json" class="TDGTest" file="/home/nicorec/TestDataGenerator/tests/functional/TDGTest.php" line="710" assertions="504" time="0.735426"/>
        <testcase name="test_現在の日時を生成_yml" class="TDGTest" file="/home/nicorec/TestDataGenerator/tests/functional/TDGTest.php" line="744" assertions="504" time="0.980447"/>
        <testcase name="test_２０１０～２０１５年の日時を生成_json" class="TDGTest" file="/home/nicorec/TestDataGenerator/tests/functional/TDGTest.php" line="775" assertions="604" time="1.262956"/>
        <testcase name="test_２０１０～２０１５年の日時を生成_yml" class="TDGTest" file="/home/nicorec/TestDataGenerator/tests/functional/TDGTest.php" line="805" assertions="604" time="1.307938"/>
        <testcase name="test_マイクロ秒単位で２０１０～２０１５年の日時を生成_json" class="TDGTest" file="/home/nicorec/TestDataGenerator/tests/functional/TDGTest.php" line="835" assertions="604" time="1.059991"/>
        <testcase name="test_マイクロ秒単位で２０１０～２０１５年の日時を生成_yml" class="TDGTest" file="/home/nicorec/TestDataGenerator/tests/functional/TDGTest.php" line="865" assertions="604" time="1.092049"/>
        <testcase name="test_高頻度で２０１０～２０１２年・低頻度で２０１３～２０１５年の日時を生成_json" class="TDGTest" file="/home/nicorec/TestDataGenerator/tests/functional/TDGTest.php" line="895" assertions="206" time="0.546104"/>
        <testcase name="test_高頻度で２０１０～２０１２年・低頻度で２０１３～２０１５年の日時を生成_yml" class="TDGTest" file="/home/nicorec/TestDataGenerator/tests/functional/TDGTest.php" line="937" assertions="205" time="0.592110"/>
        <testcase name="test_マイクロ秒単位で高頻度で２０１０～２０１２年・低頻度で２０１３～２０１５年の日時を生成_json" class="TDGTest" file="/home/nicorec/TestDataGenerator/tests/functional/TDGTest.php" line="978" assertions="206" time="0.574870"/>
        <testcase name="test_マイクロ秒単位で高頻度で２０１０～２０１２年・低頻度で２０１３～２０１５年の日時を生成_yml" class="TDGTest" file="/home/nicorec/TestDataGenerator/tests/functional/TDGTest.php" line="1020" assertions="206" time="0.603306"/>
        <testcase name="test_現在のタイムスタンプを生成_json" class="TDGTest" file="/home/nicorec/TestDataGenerator/tests/functional/TDGTest.php" line="1062" assertions="604" time="1.028054"/>
        <testcase name="test_現在のタイムスタンプを生成_yml" class="TDGTest" file="/home/nicorec/TestDataGenerator/tests/functional/TDGTest.php" line="1094" assertions="604" time="1.036030"/>
        <testcase name="test_２０１０～２０１５年のタイムスタンプを生成_json" class="TDGTest" file="/home/nicorec/TestDataGenerator/tests/functional/TDGTest.php" line="1126" assertions="604" time="1.223566"/>
        <testcase name="test_２０１０～２０１５年のタイムスタンプを生成_yml" class="TDGTest" file="/home/nicorec/TestDataGenerator/tests/functional/TDGTest.php" line="1156" assertions="604" time="1.231790"/>
        <testcase name="test_マイクロ秒単位で２０１０～２０１５年のタイムスタンプを生成_json" class="TDGTest" file="/home/nicorec/TestDataGenerator/tests/functional/TDGTest.php" line="1186" assertions="604" time="1.255300"/>
        <testcase name="test_マイクロ秒単位で２０１０～２０１５年のタイムスタンプを生成_yml" class="TDGTest" file="/home/nicorec/TestDataGenerator/tests/functional/TDGTest.php" line="1216" assertions="604" time="1.287031"/>
        <testcase name="test_高頻度で２０１０～２０１２年・低頻度で２０１３～２０１５年のタイムスタンプを生成_json" class="TDGTest" file="/home/nicorec/TestDataGenerator/tests/functional/TDGTest.php" line="1246" assertions="206" time="0.534131"/>
        <testcase name="test_高頻度で２０１０～２０１２年・低頻度で２０１３～２０１５年のタイムスタンプを生成_yml" class="TDGTest" file="/home/nicorec/TestDataGenerator/tests/functional/TDGTest.php" line="1288" assertions="206" time="0.576690"/>
        <testcase name="test_マイクロ秒単位で高頻度で２０１０～２０１２年・低頻度で２０１３～２０１５年のタイムスタンプを生成_json" class="TDGTest" file="/home/nicorec/TestDataGenerator/tests/functional/TDGTest.php" line="1330" assertions="206" time="0.588348"/>
        <testcase name="test_マイクロ秒単位で高頻度で２０１０～２０１２年・低頻度で２０１３～２０１５年のタイムスタンプを生成_yml" class="TDGTest" file="/home/nicorec/TestDataGenerator/tests/functional/TDGTest.php" line="1372" assertions="206" time="0.615971"/>
        <testcase name="test_パターンクラスを使い携帯電話番号を生成_json" class="TDGTest" file="/home/nicorec/TestDataGenerator/tests/functional/TDGTest.php" line="1414" assertions="204" time="0.659547"/>
        <testcase name="test_パターンクラスを使い携帯電話番号を生成_yml" class="TDGTest" file="/home/nicorec/TestDataGenerator/tests/functional/TDGTest.php" line="1442" assertions="204" time="0.683059"/>
        <testcase name="test_ドル記号ありでパターンクラスを使い携帯電話番号を生成_json" class="TDGTest" file="/home/nicorec/TestDataGenerator/tests/functional/TDGTest.php" line="1470" assertions="204" time="0.641791"/>
        <testcase name="test_ドル記号ありでパターンクラスを使い携帯電話番号を生成_yml" class="TDGTest" file="/home/nicorec/TestDataGenerator/tests/functional/TDGTest.php" line="1498" assertions="204" time="0.690879"/>
        <testcase name="test_重み付けありパターンから生成_json" class="TDGTest" file="/home/nicorec/TestDataGenerator/tests/functional/TDGTest.php" line="1526" assertions="107" time="0.464961"/>
        <testcase name="test_重み付けありパターンから生成_yml" class="TDGTest" file="/home/nicorec/TestDataGenerator/tests/functional/TDGTest.php" line="1571" assertions="107" time="0.511502"/>
        <testcase name="test_文字数指定重み付けありパターンから生成_json" class="TDGTest" file="/home/nicorec/TestDataGenerator/tests/functional/TDGTest.php" line="1616" assertions="207" time="0.665116"/>
        <testcase name="test_文字数指定重み付けありパターンから生成_yml" class="TDGTest" file="/home/nicorec/TestDataGenerator/tests/functional/TDGTest.php" line="1665" assertions="207" time="0.768240"/>
        <testcase name="test_指定した合計文字数と各パターンの文字数で各パターンの文字から生成_json" class="TDGTest" file="/home/nicorec/TestDataGenerator/tests/functional/TDGTest.php" line="1714" assertions="204" time="0.806270"/>
        <testcase name="test_指定した合計文字数と各パターンの文字数で各パターンの文字から生成_yml" class="TDGTest" file="/home/nicorec/TestDataGenerator/tests/functional/TDGTest.php" line="1742" assertions="204" time="0.946660"/>
        <testcase name="test_指定した範囲の合計文字数と各パターンの文字数で各パターンの文字から生成_json" class="TDGTest" file="/home/nicorec/TestDataGenerator/tests/functional/TDGTest.php" line="1770" assertions="204" time="1.253835"/>
        <testcase name="test_指定した範囲の合計文字数と各パターンの文字数で各パターンの文字から生成_yml" class="TDGTest" file="/home/nicorec/TestDataGenerator/tests/functional/TDGTest.php" line="1798" assertions="204" time="1.291989"/>
        <testcase name="test_テーブル削除ありでDBより郵便番号を生成_json" class="TDGTest" file="/home/nicorec/TestDataGenerator/tests/functional/TDGTest.php" line="1826" assertions="4006" time="852.222763"/>
        <testcase name="test_テーブル削除ありでDBより郵便番号を生成_yml" class="TDGTest" file="/home/nicorec/TestDataGenerator/tests/functional/TDGTest.php" line="1876" assertions="4006" time="848.689813"/>
        <testcase name="test_テーブル削除無しでDBより郵便番号を生成_json" class="TDGTest" file="/home/nicorec/TestDataGenerator/tests/functional/TDGTest.php" line="1926" assertions="4006" time="848.624678"/>
        <testcase name="test_テーブル削除無しでDBより郵便番号を生成_yml" class="TDGTest" file="/home/nicorec/TestDataGenerator/tests/functional/TDGTest.php" line="1976" assertions="4006" time="838.110624"/>
        <testcase name="test_先頭にパターンを付けてDBより郵便番号を生成_json" class="TDGTest" file="/home/nicorec/TestDataGenerator/tests/functional/TDGTest.php" line="2030" assertions="204" time="0.624808"/>
        <testcase name="test_先頭にパターンを付けてDBより郵便番号を生成_yml" class="TDGTest" file="/home/nicorec/TestDataGenerator/tests/functional/TDGTest.php" line="2062" assertions="204" time="0.635785"/>
        <testcase name="test_末尾にパターンを付けてDBより郵便番号を生成_json" class="TDGTest" file="/home/nicorec/TestDataGenerator/tests/functional/TDGTest.php" line="2094" assertions="204" time="0.614950"/>
        <testcase name="test_末尾にパターンを付けてDBより郵便番号を生成_yml" class="TDGTest" file="/home/nicorec/TestDataGenerator/tests/functional/TDGTest.php" line="2126" assertions="204" time="0.633327"/>
        <testcase name="test_先頭に重み付けありのパターンを付けてDBより郵便番号を生成_json" class="TDGTest" file="/home/nicorec/TestDataGenerator/tests/functional/TDGTest.php" line="2158" assertions="207" time="0.592577"/>
        <testcase name="test_先頭に重み付けありのパターンを付けてDBより郵便番号を生成_yml" class="TDGTest" file="/home/nicorec/TestDataGenerator/tests/functional/TDGTest.php" line="2208" assertions="207" time="0.675760"/>
        <testcase name="test_１からシーケンス番号・アンダースコア・DBより郵便番号を生成_json" class="TDGTest" file="/home/nicorec/TestDataGenerator/tests/functional/TDGTest.php" line="2258" assertions="204" time="0.607684"/>
        <testcase name="test_１からシーケンス番号・アンダースコア・DBより郵便番号を生成_yml" class="TDGTest" file="/home/nicorec/TestDataGenerator/tests/functional/TDGTest.php" line="2290" assertions="204" time="0.662427"/>
        <testcase name="test_実際の利用を想定したユーザーテーブルデータの生成_json" class="TDGTest" file="/home/nicorec/TestDataGenerator/tests/functional/TDGTest.php" line="2321" assertions="26007" time="900.893787"/>
        <testcase name="test_実際の利用を想定したユーザーテーブルデータの生成_yml" class="TDGTest" file="/home/nicorec/TestDataGenerator/tests/functional/TDGTest.php" line="2405" assertions="26007" time="889.554679"/>
      </testsuite>
    </testsuite>
  </testsuite>
</testsuites>
